DEBUG 2024-05-17 10:24:07.378 UTC: 	 CRAB Client version: v3.240416
DEBUG 2024-05-17 10:24:07.378 UTC: 	 Running on: Linux t3ui03.psi.ch 3.10.0-1160.88.1.el7.x86_64 #1 SMP Sat Feb 18 13:27:00 UTC 2023 x86_64 x86_64 x86_64 GNU/Linux - Red Hat Enterprise Linux Server 7.9 (Maipo)
DEBUG 2024-05-17 10:24:07.378 UTC: 	 Executing command: 'submit'
DEBUG 2024-05-17 10:24:07.379 UTC: 	 Found CRAB cache file /t3home/pbaertsc/.crab3
INFO 2024-05-17 10:24:07.381 UTC: 	 Will use CRAB configuration file crab_Muon_Run2024D.py
DEBUG 2024-05-17 10:24:07.381 UTC: 	 Loading CRAB configuration file.
DEBUG 2024-05-17 10:24:07.386 UTC: 	 Will use CRAB plugin ANALYSIS (i.e. will run an analysis job type).
DEBUG 2024-05-17 10:24:07.391 UTC: 	 Checking credentials
DEBUG 2024-05-17 10:24:07.391 UTC: 	 Found proxy file /t3home/pbaertsc/.x509up_u647
DEBUG 2024-05-17 10:24:07.391 UTC: 	 Making sure it has proper VOMS extension
DEBUG 2024-05-17 10:24:07.391 UTC: 	 Executing command :
 voms-proxy-info --vo --file /t3home/pbaertsc/.x509up_u647
DEBUG 2024-05-17 10:24:08.002 UTC: 	 output : cms

 error: 
 retcode : 0
DEBUG 2024-05-17 10:24:08.003 UTC: 	 Getting proxy life time left
DEBUG 2024-05-17 10:24:08.003 UTC: 	 Executing command :
 voms-proxy-info --actimeleft --timeleft --file /t3home/pbaertsc/.x509up_u647
DEBUG 2024-05-17 10:24:08.634 UTC: 	 output : 365843
365842

 error: 
 retcode : 0
DEBUG 2024-05-17 10:24:08.635 UTC: 	 Proxy valid for 101:37:22 hours
DEBUG 2024-05-17 10:24:08.635 UTC: 	 Encoded data for curl request: subresource=delegatedn
DEBUG 2024-05-17 10:24:08.718 UTC: 	 Registering user credentials on myproxy for /DC=ch/DC=cern/OU=computers/CN=crab-(preprod|prod|dev)-tw(01|02|03|04).cern.ch|/DC=ch/DC=cern/OU=computers/CN=stefanov(m|m2).cern.ch|/DC=ch/DC=cern/OU=computers/CN=dciangot-tw.cern.ch
DEBUG 2024-05-17 10:24:08.718 UTC: 	 Executing command :
 voms-proxy-info --identity --file /t3home/pbaertsc/.x509up_u647
DEBUG 2024-05-17 10:24:09.347 UTC: 	 output : /DC=ch/DC=cern/OU=Organic Units/OU=Users/CN=pbaertsc/CN=819649/CN=Pascal Raffael Bartschi

 error: 
 retcode : 0
DEBUG 2024-05-17 10:24:09.347 UTC: 	 Getting myproxy life time left for 751e029ed8bd2c8ee18215816d9df500f31f4441
DEBUG 2024-05-17 10:24:09.347 UTC: 	 Executing command :
 myproxy-info -s myproxy.cern.ch -l 751e029ed8bd2c8ee18215816d9df500f31f4441
DEBUG 2024-05-17 10:24:09.872 UTC: 	 output : username: 751e029ed8bd2c8ee18215816d9df500f31f4441
owner: /DC=ch/DC=cern/OU=Organic Units/OU=Users/CN=pbaertsc/CN=819649/CN=Pascal Raffael Bartschi
  renewal policy: /DC=ch/DC=cern/OU=computers/CN=crab-(preprod|prod|dev)-tw(01|02|03|04).cern.ch|/DC=ch/DC=cern/OU=computers/CN=stefanov(m|m2).cern.ch|/DC=ch/DC=cern/OU=computers/CN=dciangot-tw.cern.ch
  trusted retrieval policy: /DC=ch/DC=cern/OU=computers/CN=crab-(preprod|prod|dev)-tw(01|02|03|04).cern.ch|/DC=ch/DC=cern/OU=computers/CN=stefanov(m|m2).cern.ch|/DC=ch/DC=cern/OU=computers/CN=dciangot-tw.cern.ch
  timeleft: 629:37:31  (26.2 days)

 error: 
 retcode : 0
DEBUG 2024-05-17 10:24:09.872 UTC: 	 Myproxy is valid: 2266620
DEBUG 2024-05-17 10:24:09.873 UTC: 	 Result of myproxy credential check:
  Credential exists on myproxy: username: 751e029ed8bd2c8ee18215816d9df500f31f4441  - validity: 26 days, 5:37:00
DEBUG 2024-05-17 10:24:09.873 UTC: 	 Command use: submit
DEBUG 2024-05-17 10:24:09.873 UTC: 	 Options use: ['crab_Muon_Run2024D.py']
DEBUG 2024-05-17 10:24:09.873 UTC: 	 Encoded data for curl request: subresource=version
DEBUG 2024-05-17 10:24:09.951 UTC: 	 CRABClient version: v3.240416
DEBUG 2024-05-17 10:24:09.951 UTC: 	 Instance is prod
DEBUG 2024-05-17 10:24:09.951 UTC: 	 Server base url is cmsweb.cern.ch
DEBUG 2024-05-17 10:24:09.952 UTC: 	 Command api workflow
DEBUG 2024-05-17 10:24:09.952 UTC: 	 Started submission
DEBUG 2024-05-17 10:24:09.952 UTC: 	 Working on /work/pbaertsc/pixel/CMSSW_14_0_4/src/SiPixelTools/PixelTriplets/tasks/crab_Muon0_Run2024D-SiPixelCalSingleMuonTight-PromptReco-v1
DEBUG 2024-05-17 10:24:09.952 UTC: 	 Encoded data for curl request: subresource=backendurls
DEBUG 2024-05-17 10:24:10.085 UTC: 	 Loading required information from the environment
DEBUG 2024-05-17 10:24:10.085 UTC: 	 Found CMSSW_14_0_4 for slc7_amd64_gcc12 with base /work/pbaertsc/pixel/CMSSW_14_0_4
DEBUG 2024-05-17 10:24:10.085 UTC: 	 Loading required information from the environment
DEBUG 2024-05-17 10:24:10.085 UTC: 	 Found CMSSW_14_0_4 for slc7_amd64_gcc12 with base /work/pbaertsc/pixel/CMSSW_14_0_4
DEBUG 2024-05-17 10:24:10.085 UTC: 	 UNIQUE NAME: tarUUID f06a8fa7-9c3b-46ff-ac9f-491a28654bf7 
DEBUG 2024-05-17 10:24:10.085 UTC: 	 self.config: from WMCore.Configuration import Configuration
config = Configuration()
config.section_('General')
config.General.workArea = 'tasks'
config.General.transferLogs = True
config.General.transferOutputs = True
config.General.requestName = 'Muon0_Run2024D-SiPixelCalSingleMuonTight-PromptReco-v1'
config.section_('JobType')
config.JobType.psetName = '/work/pbaertsc/pixel/CMSSW_14_0_4/src/SiPixelTools/PixelTriplets/pxl_BPIX_FPIX_genIBC.py'
config.JobType.pluginName = 'Analysis'
config.section_('Data')
config.Data.outputDatasetTag = 'Muon0_Run2024D-SiPixelCalSingleMuonTight-PromptReco-v1'
config.Data.unitsPerJob = 1
config.Data.splitting = 'FileBased'
config.Data.inputDataset = '/Muon0/Run2024D-SiPixelCalSingleMuonTight-PromptReco-v1/ALCARECO'
config.Data.outLFNDirBase = '/store/user/pbaertsc/pixel/'
config.Data.publication = False
config.Data.inputDBS = 'global'
config.Data.lumiMask = 'Cert_Collisions2024_378981_380470_Golden.json'
config.section_('Site')
config.Site.storageSite = 'T3_CH_PSI'
config.Site.blacklist = ['T2_BR_SPRACE', 'T3_UK_London_QMUL']
config.section_('User')
config.section_('Debug')
config.Debug.extraJDL = ['+CMS_ALLOW_OVERFLOW=False']

DEBUG 2024-05-17 10:24:10.085 UTC: 	 self.config.JobType.psetName: /work/pbaertsc/pixel/CMSSW_14_0_4/src/SiPixelTools/PixelTriplets/pxl_BPIX_FPIX_genIBC.py
INFO 2024-05-17 10:24:10.085 UTC: 	 Importing CMSSW configuration /work/pbaertsc/pixel/CMSSW_14_0_4/src/SiPixelTools/PixelTriplets/pxl_BPIX_FPIX_genIBC.py
INFO 2024-05-17 10:24:14.351 UTC: 	 Finished importing CMSSW configuration /work/pbaertsc/pixel/CMSSW_14_0_4/src/SiPixelTools/PixelTriplets/pxl_BPIX_FPIX_genIBC.py
DEBUG 2024-05-17 10:24:14.351 UTC: 	 Writing CMSSW configuration to /work/pbaertsc/pixel/CMSSW_14_0_4/src/SiPixelTools/PixelTriplets/tasks/crab_Muon0_Run2024D-SiPixelCalSingleMuonTight-PromptReco-v1/inputs/PSet.py
DEBUG 2024-05-17 10:24:15.296 UTC: 	 The following EDM output files will be collected: []
DEBUG 2024-05-17 10:24:15.297 UTC: 	 The following TFile output files will be collected: ['tree.root']
DEBUG 2024-05-17 10:24:15.297 UTC: 	 The following user output files (not listed as PoolOuputModule or TFileService in the CMSSW PSet) will be collected: 
DEBUG 2024-05-17 10:24:15.297 UTC: 	 Loading required information from the environment
DEBUG 2024-05-17 10:24:15.297 UTC: 	 Found CMSSW_14_0_4 for slc7_amd64_gcc12 with base /work/pbaertsc/pixel/CMSSW_14_0_4
DEBUG 2024-05-17 10:24:15.297 UTC: 	 Making tarball in /work/pbaertsc/pixel/CMSSW_14_0_4/src/SiPixelTools/PixelTriplets/tasks/crab_Muon0_Run2024D-SiPixelCalSingleMuonTight-PromptReco-v1/inputs/f06a8fa7-9c3b-46ff-ac9f-491a28654bf7default.tgz
DEBUG 2024-05-17 10:24:15.298 UTC: 	 Checking directory /work/pbaertsc/pixel/CMSSW_14_0_4/bin
DEBUG 2024-05-17 10:24:15.298 UTC: 	 Adding directory /work/pbaertsc/pixel/CMSSW_14_0_4/bin to tarball
DEBUG 2024-05-17 10:24:15.300 UTC: 	 Checking directory /work/pbaertsc/pixel/CMSSW_14_0_4/python
DEBUG 2024-05-17 10:24:15.300 UTC: 	 Adding directory /work/pbaertsc/pixel/CMSSW_14_0_4/python to tarball
DEBUG 2024-05-17 10:24:15.307 UTC: 	 Checking directory /work/pbaertsc/pixel/CMSSW_14_0_4/cfipython
DEBUG 2024-05-17 10:24:15.307 UTC: 	 Adding directory /work/pbaertsc/pixel/CMSSW_14_0_4/cfipython to tarball
DEBUG 2024-05-17 10:24:15.310 UTC: 	 Checking directory /work/pbaertsc/pixel/CMSSW_14_0_4/lib
DEBUG 2024-05-17 10:24:15.310 UTC: 	 Adding directory /work/pbaertsc/pixel/CMSSW_14_0_4/lib to tarball
DEBUG 2024-05-17 10:24:15.319 UTC: 	 Checking directory /work/pbaertsc/pixel/CMSSW_14_0_4/biglib
DEBUG 2024-05-17 10:24:15.319 UTC: 	 Adding directory /work/pbaertsc/pixel/CMSSW_14_0_4/biglib to tarball
DEBUG 2024-05-17 10:24:15.320 UTC: 	 Checking directory /work/pbaertsc/pixel/CMSSW_14_0_4/module
DEBUG 2024-05-17 10:24:15.320 UTC: 	 Checking directory /work/pbaertsc/pixel/CMSSW_14_0_4/config/SCRAM/hooks
DEBUG 2024-05-17 10:24:15.320 UTC: 	 Adding directory /work/pbaertsc/pixel/CMSSW_14_0_4/config/SCRAM/hooks to tarball
DEBUG 2024-05-17 10:24:16.334 UTC: 	 Uploading archive /work/pbaertsc/pixel/CMSSW_14_0_4/src/SiPixelTools/PixelTriplets/tasks/crab_Muon0_Run2024D-SiPixelCalSingleMuonTight-PromptReco-v1/inputs/f06a8fa7-9c3b-46ff-ac9f-491a28654bf7default.tgz (1.238281.1 MB) to the CRAB cache. Using URI https://cmsweb.cern.ch/S3/crabcache_prod
DEBUG 2024-05-17 10:24:16.836 UTC: 	 Encoded data for curl request: subresource=upload&objecttype=sandbox&tarballname=2d37cb7dc29e3ab2cfb2ba622db7b4eb8b06cfa7ae862d37cb2d46cc16eb6137.tar.gz
DEBUG 2024-05-17 10:24:17.007 UTC: 	 sandbox 2d37cb7dc29e3ab2cfb2ba622db7b4eb8b06cfa7ae862d37cb2d46cc16eb6137.tar.gz is already in the S3 store, will not upload again
DEBUG 2024-05-17 10:24:17.007 UTC: 	 Loading required information from the environment
DEBUG 2024-05-17 10:24:17.008 UTC: 	 Found CMSSW_14_0_4 for slc7_amd64_gcc12 with base /work/pbaertsc/pixel/CMSSW_14_0_4
DEBUG 2024-05-17 10:24:17.008 UTC: 	 Making tarball in /work/pbaertsc/pixel/CMSSW_14_0_4/src/SiPixelTools/PixelTriplets/tasks/crab_Muon0_Run2024D-SiPixelCalSingleMuonTight-PromptReco-v1/inputs/debugFiles.tgz
DEBUG 2024-05-17 10:24:17.016 UTC: 	 Uploading archive /work/pbaertsc/pixel/CMSSW_14_0_4/src/SiPixelTools/PixelTriplets/tasks/crab_Muon0_Run2024D-SiPixelCalSingleMuonTight-PromptReco-v1/inputs/debugFiles.tgz (3 KB) to the CRAB cache. Using URI https://cmsweb.cern.ch/S3/crabcache_prod
DEBUG 2024-05-17 10:24:17.021 UTC: 	 Encoded data for curl request: subresource=upload&objecttype=sandbox&tarballname=33172b3ae9146dfe799bcff53c254badb3f5f090c4df2ad5ae77f7df94902100.tar.gz
DEBUG 2024-05-17 10:24:17.410 UTC: 	 Will execute:
curl -f -v -X POST  -H "User-Agent: CRAB" -F "key=pbaertsc/sandboxes/33172b3ae9146dfe799bcff53c254badb3f5f090c4df2ad5ae77f7df94902100.tar.gz" -F "AWSAccessKeyId=e57ff634b5334df9819ae3f956de5ca6" -F "policy=eyJleHBpcmF0aW9uIjogIjIwMjQtMDUtMTdUMTE6MjQ6MTdaIiwgImNvbmRpdGlvbnMiOiBbeyJidWNrZXQiOiAiY3JhYmNhY2hlX3Byb2QifSwgeyJrZXkiOiAicGJhZXJ0c2Mvc2FuZGJveGVzLzMzMTcyYjNhZTkxNDZkZmU3OTliY2ZmNTNjMjU0YmFkYjNmNWYwOTBjNGRmMmFkNWFlNzdmN2RmOTQ5MDIxMDAudGFyLmd6In1dfQ==" -F "signature=+9uGnQgY2Yxt9NIiGtzJ4a5VJoU=" -F "file=@/work/pbaertsc/pixel/CMSSW_14_0_4/src/SiPixelTools/PixelTriplets/tasks/crab_Muon0_Run2024D-SiPixelCalSingleMuonTight-PromptReco-v1/inputs/debugFiles.tgz" "https://s3.cern.ch/crabcache_prod"
DEBUG 2024-05-17 10:24:17.482 UTC: 	 exitcode: 0
stdout: b''
DEBUG 2024-05-17 10:24:17.483 UTC: 	 sandbox /work/pbaertsc/pixel/CMSSW_14_0_4/src/SiPixelTools/PixelTriplets/tasks/crab_Muon0_Run2024D-SiPixelCalSingleMuonTight-PromptReco-v1/inputs/debugFiles.tgz successully uploaded to S3
DEBUG 2024-05-17 10:24:17.483 UTC: 	 Result uploading input files: 2d37cb7dc29e3ab2cfb2ba622db7b4eb8b06cfa7ae862d37cb2d46cc16eb6137.tar.gz 
DEBUG 2024-05-17 10:24:17.483 UTC: 	 Attaching lumi mask Cert_Collisions2024_378981_380470_Golden.json to the request
DEBUG 2024-05-17 10:24:17.483 UTC: 	 Reading lumi-mask from Cert_Collisions2024_378981_380470_Golden.json
DEBUG 2024-05-17 10:24:17.485 UTC: 	 submit() - self.configuration from WMCore.Configuration import Configuration
config = Configuration()
config.section_('General')
config.General.workArea = 'tasks'
config.General.transferLogs = True
config.General.transferOutputs = True
config.General.requestName = 'Muon0_Run2024D-SiPixelCalSingleMuonTight-PromptReco-v1'
config.section_('JobType')
config.JobType.psetName = '/work/pbaertsc/pixel/CMSSW_14_0_4/src/SiPixelTools/PixelTriplets/pxl_BPIX_FPIX_genIBC.py'
config.JobType.pluginName = 'Analysis'
config.section_('Data')
config.Data.outputDatasetTag = 'Muon0_Run2024D-SiPixelCalSingleMuonTight-PromptReco-v1'
config.Data.unitsPerJob = 1
config.Data.splitting = 'FileBased'
config.Data.inputDataset = '/Muon0/Run2024D-SiPixelCalSingleMuonTight-PromptReco-v1/ALCARECO'
config.Data.outLFNDirBase = '/store/user/pbaertsc/pixel/'
config.Data.publication = False
config.Data.inputDBS = 'global'
config.Data.lumiMask = 'Cert_Collisions2024_378981_380470_Golden.json'
config.section_('Site')
config.Site.storageSite = 'T3_CH_PSI'
config.Site.blacklist = ['T2_BR_SPRACE', 'T3_UK_London_QMUL']
config.section_('User')
config.section_('Debug')
config.Debug.extraJDL = ['+CMS_ALLOW_OVERFLOW=False']

DEBUG 2024-05-17 10:24:17.485 UTC: 	 submit() - self.configreq {'dryrun': 0, 'workflow': 'crab_Muon0_Run2024D-SiPixelCalSingleMuonTight-PromptReco-v1', 'saveoutput': 1, 'savelogsflag': 1, 'inputdata': '/Muon0/Run2024D-SiPixelCalSingleMuonTight-PromptReco-v1/ALCARECO', 'primarydataset': '', 'nonvaliddata': 0, 'userfiles': [], 'dbsurl': 'https://cmsweb.cern.ch/dbs/prod/global/DBSReader', 'useparent': 0, 'ignorelocality': 0, 'splitalgo': 'FileBased', 'algoargs': 1, 'totalunits': 0, 'lfn': '/store/user/pbaertsc/pixel/', 'publication': 0, 'publishdbsurl': 'https://cmsweb.cern.ch/dbs/prod/phys03/DBSWriter', 'publishname2': 'Muon0_Run2024D-SiPixelCalSingleMuonTight-PromptReco-v1', 'jobtype': 'Analysis', 'generator': 'pythia', 'addoutputfiles': [], 'maxjobruntime': 1250, 'numcores': 1, 'maxmemory': 2000, 'priority': 10, 'nonprodsw': 0, 'asyncdest': 'T3_CH_PSI', 'siteblacklist': ['T2_BR_SPRACE', 'T3_UK_London_QMUL'], 'requireaccelerator': 0, 'oneEventMode': 0, 'extrajdl': ['+CMS_ALLOW_OVERFLOW=False'], 'ignoreglobalblacklist': 0, 'partialdataset': 0, 'inputblocks': []}
DEBUG 2024-05-17 10:24:17.485 UTC: 	 submit() - jobconfig {'addoutputfiles': [], 'tfileoutfiles': ['tree.root'], 'edmoutfiles': [], 'jobarch': 'slc7_amd64_gcc12', 'jobsw': 'CMSSW_14_0_4', 'inputdata': '/Muon0/Run2024D-SiPixelCalSingleMuonTight-PromptReco-v1/ALCARECO', 'cacheurl': 'https://cmsweb.cern.ch/S3/crabcache_prod', 'cachefilename': '2d37cb7dc29e3ab2cfb2ba622db7b4eb8b06cfa7ae862d37cb2d46cc16eb6137.tar.gz', 'debugfilename': '33172b3ae9146dfe799bcff53c254badb3f5f090c4df2ad5ae77f7df94902100.tar.gz', 'runs': ['378985', '378993', '379011', '379012', '379028', '379031', '379058', '379075', '379154', '379238', '379243', '379252', '379253', '379338', '379355', '379416', '379420', '379425', '379433', '379442', '379454', '379456', '379470', '379530', '379613', '379617', '379618', '379660', '379661', '379729', '379765', '379774', '379866', '379984', '380001', '380005', '380007', '380029', '380030', '380032', '380033', '380043', '380049', '380051', '380052', '380053', '380056', '380066', '380074', '380115', '380126', '380127', '380128', '380195', '380197', '380235', '380236', '380306', '380308', '380309', '380310', '380346', '380348', '380349', '380360', '380377', '380384', '380385', '380399', '380403', '380444', '380446', '380447', '380466', '380470'], 'lumis': ['57,824', '121,200', '1,399', '1,73', '66,599', '1,289', '38,863', '33,407', '17,1065', '11,296', '39,337', '34,677', '1,104', '1,170', '1,20', '1,34,56,88,94,102,107,225', '38,497,499,554', '29,231', '27,47', '19,287', '33,530', '1,1199', '5,804', '30,622', '38,157', '1,130,132,665', '1,360', '60,1566', '1,406', '57,668,670,1522', '43,682,684,1738', '29,213', '26,1375', '36,948', '36,616,618,727', '33,79,82,311,317,1101', '1,129', '35,89', '1,346', '149,167', '1,53', '33,932', '33,903', '1,735', '1,12', '1,128', '1,168', '34,585', '29,840,842,1335', '27,1818', '40,991', '1,535', '1,387', '87,93', '1,357', '32,287', '1,52,59,63', '28,273', '1,35', '1,351', '1,1131', '34,334,342,606', '1,341', '1,695', '32,147,149,954,967,1972', '36,455', '48,798', '1,1247', '38,531', '9,259', '4,328', '1,331,336,1033', '1,810', '37,400,416,555', '1,1634'], 'jobtype': 'Analysis'}
INFO 2024-05-17 10:24:17.485 UTC: 	 Sending the request to the server at cmsweb.cern.ch
DEBUG 2024-05-17 10:24:17.485 UTC: 	 Submitting {'dryrun': 0, 'workflow': 'crab_Muon0_Run2024D-SiPixelCalSingleMuonTight-PromptReco-v1', 'saveoutput': 1, 'savelogsflag': 1, 'inputdata': '/Muon0/Run2024D-SiPixelCalSingleMuonTight-PromptReco-v1/ALCARECO', 'primarydataset': '', 'nonvaliddata': 0, 'userfiles': [], 'dbsurl': 'https://cmsweb.cern.ch/dbs/prod/global/DBSReader', 'useparent': 0, 'ignorelocality': 0, 'splitalgo': 'FileBased', 'algoargs': 1, 'totalunits': 0, 'lfn': '/store/user/pbaertsc/pixel/', 'publication': 0, 'publishdbsurl': 'https://cmsweb.cern.ch/dbs/prod/phys03/DBSWriter', 'publishname2': 'Muon0_Run2024D-SiPixelCalSingleMuonTight-PromptReco-v1', 'jobtype': 'Analysis', 'generator': 'pythia', 'addoutputfiles': [], 'maxjobruntime': 1250, 'numcores': 1, 'maxmemory': 2000, 'priority': 10, 'nonprodsw': 0, 'asyncdest': 'T3_CH_PSI', 'siteblacklist': ['T2_BR_SPRACE', 'T3_UK_London_QMUL'], 'requireaccelerator': 0, 'oneEventMode': 0, 'extrajdl': ['+CMS_ALLOW_OVERFLOW=False'], 'ignoreglobalblacklist': 0, 'partialdataset': 0, 'inputblocks': [], 'tfileoutfiles': ['tree.root'], 'edmoutfiles': [], 'jobarch': 'slc7_amd64_gcc12', 'jobsw': 'CMSSW_14_0_4', 'cacheurl': 'https://cmsweb.cern.ch/S3/crabcache_prod', 'cachefilename': '2d37cb7dc29e3ab2cfb2ba622db7b4eb8b06cfa7ae862d37cb2d46cc16eb6137.tar.gz', 'debugfilename': '33172b3ae9146dfe799bcff53c254badb3f5f090c4df2ad5ae77f7df94902100.tar.gz', 'runs': ['378985', '378993', '379011', '379012', '379028', '379031', '379058', '379075', '379154', '379238', '379243', '379252', '379253', '379338', '379355', '379416', '379420', '379425', '379433', '379442', '379454', '379456', '379470', '379530', '379613', '379617', '379618', '379660', '379661', '379729', '379765', '379774', '379866', '379984', '380001', '380005', '380007', '380029', '380030', '380032', '380033', '380043', '380049', '380051', '380052', '380053', '380056', '380066', '380074', '380115', '380126', '380127', '380128', '380195', '380197', '380235', '380236', '380306', '380308', '380309', '380310', '380346', '380348', '380349', '380360', '380377', '380384', '380385', '380399', '380403', '380444', '380446', '380447', '380466', '380470'], 'lumis': ['57,824', '121,200', '1,399', '1,73', '66,599', '1,289', '38,863', '33,407', '17,1065', '11,296', '39,337', '34,677', '1,104', '1,170', '1,20', '1,34,56,88,94,102,107,225', '38,497,499,554', '29,231', '27,47', '19,287', '33,530', '1,1199', '5,804', '30,622', '38,157', '1,130,132,665', '1,360', '60,1566', '1,406', '57,668,670,1522', '43,682,684,1738', '29,213', '26,1375', '36,948', '36,616,618,727', '33,79,82,311,317,1101', '1,129', '35,89', '1,346', '149,167', '1,53', '33,932', '33,903', '1,735', '1,12', '1,128', '1,168', '34,585', '29,840,842,1335', '27,1818', '40,991', '1,535', '1,387', '87,93', '1,357', '32,287', '1,52,59,63', '28,273', '1,35', '1,351', '1,1131', '34,334,342,606', '1,341', '1,695', '32,147,149,954,967,1972', '36,455', '48,798', '1,1247', '38,531', '9,259', '4,328', '1,331,336,1033', '1,810', '37,400,416,555', '1,1634']} 
DEBUG 2024-05-17 10:24:17.487 UTC: 	 Encoded data for curl request: dryrun=0&workflow=crab_Muon0_Run2024D-SiPixelCalSingleMuonTight-PromptReco-v1&saveoutput=1&savelogsflag=1&inputdata=%2FMuon0%2FRun2024D-SiPixelCalSingleMuonTight-PromptReco-v1%2FALCARECO&primarydataset=&nonvaliddata=0&dbsurl=https%3A%2F%2Fcmsweb.cern.ch%2Fdbs%2Fprod%2Fglobal%2FDBSReader&useparent=0&ignorelocality=0&splitalgo=FileBased&algoargs=1&totalunits=0&lfn=%2Fstore%2Fuser%2Fpbaertsc%2Fpixel%2F&publication=0&publishdbsurl=https%3A%2F%2Fcmsweb.cern.ch%2Fdbs%2Fprod%2Fphys03%2FDBSWriter&publishname2=Muon0_Run2024D-SiPixelCalSingleMuonTight-PromptReco-v1&jobtype=Analysis&generator=pythia&maxjobruntime=1250&numcores=1&maxmemory=2000&priority=10&nonprodsw=0&asyncdest=T3_CH_PSI&requireaccelerator=0&oneEventMode=0&ignoreglobalblacklist=0&partialdataset=0&jobarch=slc7_amd64_gcc12&jobsw=CMSSW_14_0_4&cacheurl=https%3A%2F%2Fcmsweb.cern.ch%2FS3%2Fcrabcache_prod&cachefilename=2d37cb7dc29e3ab2cfb2ba622db7b4eb8b06cfa7ae862d37cb2d46cc16eb6137.tar.gz&debugfilename=33172b3ae9146dfe799bcff53c254badb3f5f090c4df2ad5ae77f7df94902100.tar.gz&siteblacklist=T2_BR_SPRACE&siteblacklist=T3_UK_London_QMUL&tfileoutfiles=tree.root&runs=378985&runs=378993&runs=379011&runs=379012&runs=379028&runs=379031&runs=379058&runs=379075&runs=379154&runs=379238&runs=379243&runs=379252&runs=379253&runs=379338&runs=379355&runs=379416&runs=379420&runs=379425&runs=379433&runs=379442&runs=379454&runs=379456&runs=379470&runs=379530&runs=379613&runs=379617&runs=379618&runs=379660&runs=379661&runs=379729&runs=379765&runs=379774&runs=379866&runs=379984&runs=380001&runs=380005&runs=380007&runs=380029&runs=380030&runs=380032&runs=380033&runs=380043&runs=380049&runs=380051&runs=380052&runs=380053&runs=380056&runs=380066&runs=380074&runs=380115&runs=380126&runs=380127&runs=380128&runs=380195&runs=380197&runs=380235&runs=380236&runs=380306&runs=380308&runs=380309&runs=380310&runs=380346&runs=380348&runs=380349&runs=380360&runs=380377&runs=380384&runs=380385&runs=380399&runs=380403&runs=380444&runs=380446&runs=380447&runs=380466&runs=380470&lumis=57%2C824&lumis=121%2C200&lumis=1%2C399&lumis=1%2C73&lumis=66%2C599&lumis=1%2C289&lumis=38%2C863&lumis=33%2C407&lumis=17%2C1065&lumis=11%2C296&lumis=39%2C337&lumis=34%2C677&lumis=1%2C104&lumis=1%2C170&lumis=1%2C20&lumis=1%2C34%2C56%2C88%2C94%2C102%2C107%2C225&lumis=38%2C497%2C499%2C554&lumis=29%2C231&lumis=27%2C47&lumis=19%2C287&lumis=33%2C530&lumis=1%2C1199&lumis=5%2C804&lumis=30%2C622&lumis=38%2C157&lumis=1%2C130%2C132%2C665&lumis=1%2C360&lumis=60%2C1566&lumis=1%2C406&lumis=57%2C668%2C670%2C1522&lumis=43%2C682%2C684%2C1738&lumis=29%2C213&lumis=26%2C1375&lumis=36%2C948&lumis=36%2C616%2C618%2C727&lumis=33%2C79%2C82%2C311%2C317%2C1101&lumis=1%2C129&lumis=35%2C89&lumis=1%2C346&lumis=149%2C167&lumis=1%2C53&lumis=33%2C932&lumis=33%2C903&lumis=1%2C735&lumis=1%2C12&lumis=1%2C128&lumis=1%2C168&lumis=34%2C585&lumis=29%2C840%2C842%2C1335&lumis=27%2C1818&lumis=40%2C991&lumis=1%2C535&lumis=1%2C387&lumis=87%2C93&lumis=1%2C357&lumis=32%2C287&lumis=1%2C52%2C59%2C63&lumis=28%2C273&lumis=1%2C35&lumis=1%2C351&lumis=1%2C1131&lumis=34%2C334%2C342%2C606&lumis=1%2C341&lumis=1%2C695&lumis=32%2C147%2C149%2C954%2C967%2C1972&lumis=36%2C455&lumis=48%2C798&lumis=1%2C1247&lumis=38%2C531&lumis=9%2C259&lumis=4%2C328&lumis=1%2C331%2C336%2C1033&lumis=1%2C810&lumis=37%2C400%2C416%2C555&lumis=1%2C1634&extrajdl=%2BCMS_ALLOW_OVERFLOW%3DFalse
DEBUG 2024-05-17 10:24:18.245 UTC: 	 Result: {'result': [{'RequestName': '240517_102417:pbaertsc_crab_Muon0_Run2024D-SiPixelCalSingleMuonTight-PromptReco-v1'}]}
INFO 2024-05-17 10:24:18.247 UTC: 	 Success: Your task has been delivered to the prod CRAB3 server.
INFO 2024-05-17 10:24:18.248 UTC: 	 Task name: 240517_102417:pbaertsc_crab_Muon0_Run2024D-SiPixelCalSingleMuonTight-PromptReco-v1
INFO 2024-05-17 10:24:18.248 UTC: 	 Project dir: tasks/crab_Muon0_Run2024D-SiPixelCalSingleMuonTight-PromptReco-v1
INFO 2024-05-17 10:24:18.248 UTC: 	 Please use ' crab status -d tasks/crab_Muon0_Run2024D-SiPixelCalSingleMuonTight-PromptReco-v1 ' to check how the submission process proceeds.
DEBUG 2024-05-17 10:24:18.248 UTC: 	 About to return
INFO 2024-05-17 10:24:18.253 UTC: 	 Log file is /work/pbaertsc/pixel/CMSSW_14_0_4/src/SiPixelTools/PixelTriplets/tasks/crab_Muon0_Run2024D-SiPixelCalSingleMuonTight-PromptReco-v1/crab.log
DEBUG 2024-05-17 12:32:23.349 UTC: 	 CRAB Client version: v3.240416
DEBUG 2024-05-17 12:32:23.349 UTC: 	 Running on: Linux t3ui03.psi.ch 3.10.0-1160.88.1.el7.x86_64 #1 SMP Sat Feb 18 13:27:00 UTC 2023 x86_64 x86_64 x86_64 GNU/Linux - Red Hat Enterprise Linux Server 7.9 (Maipo)
DEBUG 2024-05-17 12:32:23.349 UTC: 	 Executing command: 'status'
DEBUG 2024-05-17 12:32:23.350 UTC: 	 Found CRAB cache file /t3home/pbaertsc/.crab3
DEBUG 2024-05-17 12:32:23.356 UTC: 	 Checking credentials
DEBUG 2024-05-17 12:32:23.357 UTC: 	 Found proxy file /t3home/pbaertsc/.x509up_u647
DEBUG 2024-05-17 12:32:23.357 UTC: 	 Making sure it has proper VOMS extension
DEBUG 2024-05-17 12:32:23.357 UTC: 	 Executing command :
 voms-proxy-info --vo --file /t3home/pbaertsc/.x509up_u647
DEBUG 2024-05-17 12:32:23.961 UTC: 	 output : cms

 error: 
 retcode : 0
DEBUG 2024-05-17 12:32:23.962 UTC: 	 Getting proxy life time left
DEBUG 2024-05-17 12:32:23.962 UTC: 	 Executing command :
 voms-proxy-info --actimeleft --timeleft --file /t3home/pbaertsc/.x509up_u647
DEBUG 2024-05-17 12:32:24.555 UTC: 	 output : 358147
358146

 error: 
 retcode : 0
DEBUG 2024-05-17 12:32:24.556 UTC: 	 Proxy valid for 99:29:06 hours
DEBUG 2024-05-17 12:32:24.556 UTC: 	 Encoded data for curl request: subresource=delegatedn
DEBUG 2024-05-17 12:32:24.667 UTC: 	 Registering user credentials on myproxy for /DC=ch/DC=cern/OU=computers/CN=crab-(preprod|prod|dev)-tw(01|02|03|04).cern.ch|/DC=ch/DC=cern/OU=computers/CN=stefanov(m|m2).cern.ch|/DC=ch/DC=cern/OU=computers/CN=dciangot-tw.cern.ch
DEBUG 2024-05-17 12:32:24.668 UTC: 	 Executing command :
 voms-proxy-info --identity --file /t3home/pbaertsc/.x509up_u647
DEBUG 2024-05-17 12:32:25.288 UTC: 	 output : /DC=ch/DC=cern/OU=Organic Units/OU=Users/CN=pbaertsc/CN=819649/CN=Pascal Raffael Bartschi

 error: 
 retcode : 0
DEBUG 2024-05-17 12:32:25.288 UTC: 	 Getting myproxy life time left for 751e029ed8bd2c8ee18215816d9df500f31f4441
DEBUG 2024-05-17 12:32:25.288 UTC: 	 Executing command :
 myproxy-info -s myproxy.cern.ch -l 751e029ed8bd2c8ee18215816d9df500f31f4441
DEBUG 2024-05-17 12:32:25.600 UTC: 	 output : username: 751e029ed8bd2c8ee18215816d9df500f31f4441
owner: /DC=ch/DC=cern/OU=Organic Units/OU=Users/CN=pbaertsc/CN=819649/CN=Pascal Raffael Bartschi
  renewal policy: /DC=ch/DC=cern/OU=computers/CN=crab-(preprod|prod|dev)-tw(01|02|03|04).cern.ch|/DC=ch/DC=cern/OU=computers/CN=stefanov(m|m2).cern.ch|/DC=ch/DC=cern/OU=computers/CN=dciangot-tw.cern.ch
  trusted retrieval policy: /DC=ch/DC=cern/OU=computers/CN=crab-(preprod|prod|dev)-tw(01|02|03|04).cern.ch|/DC=ch/DC=cern/OU=computers/CN=stefanov(m|m2).cern.ch|/DC=ch/DC=cern/OU=computers/CN=dciangot-tw.cern.ch
  timeleft: 627:29:15  (26.1 days)

 error: 
 retcode : 0
DEBUG 2024-05-17 12:32:25.600 UTC: 	 Myproxy is valid: 2258940
DEBUG 2024-05-17 12:32:25.600 UTC: 	 Result of myproxy credential check:
  Credential exists on myproxy: username: 751e029ed8bd2c8ee18215816d9df500f31f4441  - validity: 26 days, 3:29:00
DEBUG 2024-05-17 12:32:25.600 UTC: 	 Retrieving username ...
DEBUG 2024-05-17 12:32:25.600 UTC: 	 Retrieving username from CRIC...
DEBUG 2024-05-17 12:32:26.589 UTC: 	 username is pbaertsc
INFO 2024-05-17 12:32:27.393 UTC: 	 Rucio client intialized for account pbaertsc
DEBUG 2024-05-17 12:32:27.394 UTC: 	 Command use: status
DEBUG 2024-05-17 12:32:27.394 UTC: 	 Options use: ['-d', 'tasks/crab_Muon0_Run2024D-SiPixelCalSingleMuonTight-PromptReco-v1/']
DEBUG 2024-05-17 12:32:27.394 UTC: 	 Encoded data for curl request: subresource=version
DEBUG 2024-05-17 12:32:27.479 UTC: 	 CRABClient version: v3.240416
DEBUG 2024-05-17 12:32:27.479 UTC: 	 Instance is prod
DEBUG 2024-05-17 12:32:27.479 UTC: 	 Server base url is cmsweb.cern.ch
DEBUG 2024-05-17 12:32:27.480 UTC: 	 Command api workflow
DEBUG 2024-05-17 12:32:27.480 UTC: 	 Encoded data for curl request: subresource=search&workflow=240517_102417%3Apbaertsc_crab_Muon0_Run2024D-SiPixelCalSingleMuonTight-PromptReco-v1
DEBUG 2024-05-17 12:32:27.572 UTC: 	 Got information from server oracle database: {'desc': {'columns': ['tm_taskname', 'tm_activity', 'panda_jobset_id', 'tm_task_status', 'tm_task_command', 'tm_start_time', 'tm_start_injection', 'tm_end_injection', 'tm_task_failure', 'tm_job_sw', 'tm_job_arch', 'tm_input_dataset', 'tm_nonvalid_input_dataset', 'tm_use_parent', 'tm_site_whitelist', 'tm_site_blacklist', 'tm_split_algo', 'tm_split_args', 'tm_user_sandbox', 'tm_cache_url', 'tm_username', 'tm_user_dn', 'tm_user_vo', 'tm_user_role', 'tm_user_group', 'tm_publish_name', 'tm_publish_groupname', 'tm_asyncdest', 'tm_dbs_url', 'tm_publish_dbs_url', 'tm_publication', 'tm_outfiles', 'tm_tfile_outfiles', 'tm_edm_outfiles', 'tm_job_type', 'tm_generator', 'tm_events_per_lumi', 'tm_arguments', 'panda_resubmitted_jobs', 'tm_save_logs', 'tw_name', 'tm_user_infiles', 'tm_maxjobruntime', 'tm_numcores', 'tm_maxmemory', 'tm_priority', 'tm_output_dataset', 'tm_task_warnings', 'tm_user_webdir', 'tm_scriptexe', 'tm_scriptargs', 'tm_extrajdl', 'tm_asourl', 'tm_collector', 'tm_schedd', 'tm_dry_run', 'tm_user_files', 'tm_transfer_outputs', 'tm_output_lfn', 'tm_ignore_locality', 'tm_fail_limit', 'tm_one_event_mode', 'tm_secondary_input_dataset', 'tm_primary_dataset', 'tm_last_publication', 'tm_debug_files', 'clusterid', 'tm_asodb', 'tm_ignore_global_blacklist', 'tm_submitter_ip_addr', 'tm_totalunits', 'tm_ddm_reqid', 'tm_user_config', 'tm_transfer_container', 'tm_transfer_rule', 'tm_publish_rule', 'tm_multipub_rule']}, 'result': ['240517_102417:pbaertsc_crab_Muon0_Run2024D-SiPixelCalSingleMuonTight-PromptReco-v1', 'None', 'None', 'SUBMITTED', 'SUBMIT', '2024-05-17 10:24:18.233567', 'None', '2024-05-17 10:25:05.113956', 'None', 'CMSSW_14_0_4', 'slc7_amd64_gcc12', '/Muon0/Run2024D-SiPixelCalSingleMuonTight-PromptReco-v1/ALCARECO', 'F', '0', '[]', "['T2_BR_SPRACE', 'T3_UK_London_QMUL']", 'FileBased', "{'halt_job_on_file_boundaries': False, 'splitOnRun': False, 'files_per_job': 1, 'runs': ['378985', '378993', '379011', '379012', '379028', '379031', '379058', '379075', '379154', '379238', '379243', '379252', '379253', '379338', '379355', '379416', '379420', '379425', '379433', '379442', '379454', '379456', '379470', '379530', '379613', '379617', '379618', '379660', '379661', '379729', '379765', '379774', '379866', '379984', '380001', '380005', '380007', '380029', '380030', '380032', '380033', '380043', '380049', '380051', '380052', '380053', '380056', '380066', '380074', '380115', '380126', '380127', '380128', '380195', '380197', '380235', '380236', '380306', '380308', '380309', '380310', '380346', '380348', '380349', '380360', '380377', '380384', '380385', '380399', '380403', '380444', '380446', '380447', '380466', '380470'], 'lumis': ['57,824', '121,200', '1,399', '1,73', '66,599', '1,289', '38,863', '33,407', '17,1065', '11,296', '39,337', '34,677', '1,104', '1,170', '1,20', '1,34,56,88,94,102,107,225', '38,497,499,554', '29,231', '27,47', '19,287', '33,530', '1,1199', '5,804', '30,622', '38,157', '1,130,132,665', '1,360', '60,1566', '1,406', '57,668,670,1522', '43,682,684,1738', '29,213', '26,1375', '36,948', '36,616,618,727', '33,79,82,311,317,1101', '1,129', '35,89', '1,346', '149,167', '1,53', '33,932', '33,903', '1,735', '1,12', '1,128', '1,168', '34,585', '29,840,842,1335', '27,1818', '40,991', '1,535', '1,387', '87,93', '1,357', '32,287', '1,52,59,63', '28,273', '1,35', '1,351', '1,1131', '34,334,342,606', '1,341', '1,695', '32,147,149,954,967,1972', '36,455', '48,798', '1,1247', '38,531', '9,259', '4,328', '1,331,336,1033', '1,810', '37,400,416,555', '1,1634']}", '2d37cb7dc29e3ab2cfb2ba622db7b4eb8b06cfa7ae862d37cb2d46cc16eb6137.tar.gz', 'https://cmsweb.cern.ch/S3/crabcache_prod', 'pbaertsc', '/DC=ch/DC=cern/OU=Organic Units/OU=Users/CN=pbaertsc/CN=819649/CN=Pascal Raffael Bartschi', 'cms', 'None', 'None', 'Muon0_Run2024D-SiPixelCalSingleMuonTight-PromptReco-v1-00000000000000000000000000000000', 'F', 'T3_CH_PSI', 'https://cmsweb.cern.ch/dbs/prod/global/DBSReader', 'https://cmsweb.cern.ch/dbs/prod/phys03/DBSWriter', 'F', '[]', "['tree.root']", '[]', 'Analysis', 'pythia', 'None', '{}', 'None', 'T', 'crab-prod-tw01', '[]', '1250', '1', '2000', '10', "['/FakeDataset/fakefile-FakePublish-efdb6302c7dbc52c0726a2149cd0424d/USER']", '[]', 'http://vocms0195.cern.ch/mon/pbaertsc/240517_102417:pbaertsc_crab_Muon0_Run2024D-SiPixelCalSingleMuonTight-PromptReco-v1', 'None', '[]', "['+CMS_ALLOW_OVERFLOW=False']", 'None', 'cmsgwms-collector-global.cern.ch:9620,cmsgwms-collector-global.fnal.gov:9620', 'crab3@vocms0195.cern.ch', 'F', '[]', 'T', '/store/user/pbaertsc/pixel/', 'F', 'None', 'F', 'None', 'Muon0', 'None', '33172b3ae9146dfe799bcff53c254badb3f5f090c4df2ad5ae77f7df94902100.tar.gz', '102587990', 'None', 'F', '188.184.75.82', '0.0', 'None', '{"partialdataset": false, "requireaccelerator": false, "acceleratorparams": null, "inputblocks": null}', 'None', 'None', 'None', 'None']}
INFO 2024-05-17 12:32:27.573 UTC: 	 CRAB project directory:		/work/pbaertsc/pixel/CMSSW_14_0_4/src/SiPixelTools/PixelTriplets/tasks/crab_Muon0_Run2024D-SiPixelCalSingleMuonTight-PromptReco-v1
INFO 2024-05-17 12:32:27.573 UTC: 	 Task name:			240517_102417:pbaertsc_crab_Muon0_Run2024D-SiPixelCalSingleMuonTight-PromptReco-v1
INFO 2024-05-17 12:32:27.573 UTC: 	 Grid scheduler - Task Worker:	crab3@vocms0195.cern.ch - crab-prod-tw01
INFO 2024-05-17 12:32:27.573 UTC: 	 Status on the CRAB server:	SUBMITTED
INFO 2024-05-17 12:32:27.574 UTC: 	 Task URL to use for HELP:	https://cmsweb.cern.ch/crabserver/ui/task/240517_102417%3Apbaertsc_crab_Muon0_Run2024D-SiPixelCalSingleMuonTight-PromptReco-v1
INFO 2024-05-17 12:32:27.587 UTC: 	 Dashboard monitoring URL:	https://monit-grafana.cern.ch/d/cmsTMDetail/cms-task-monitoring-task-view?orgId=11&var-user=pbaertsc&var-task=240517_102417%3Apbaertsc_crab_Muon0_Run2024D-SiPixelCalSingleMuonTight-PromptReco-v1&from=1715937858000&to=now
DEBUG 2024-05-17 12:32:27.587 UTC: 	 The CRAB server submitted your task to the Grid scheduler (cluster ID: 102587990)
DEBUG 2024-05-17 12:32:27.587 UTC: 	 Webdir is located at http://vocms0195.cern.ch/mon/pbaertsc/240517_102417:pbaertsc_crab_Muon0_Run2024D-SiPixelCalSingleMuonTight-PromptReco-v1
DEBUG 2024-05-17 12:32:27.587 UTC: 	 Encoded data for curl request: subresource=webdirprx&workflow=240517_102417%3Apbaertsc_crab_Muon0_Run2024D-SiPixelCalSingleMuonTight-PromptReco-v1
DEBUG 2024-05-17 12:32:27.669 UTC: 	 Proxied webdir is located at https://cmsweb.cern.ch:8443/scheddmon/0195/pbaertsc/240517_102417:pbaertsc_crab_Muon0_Run2024D-SiPixelCalSingleMuonTight-PromptReco-v1
DEBUG 2024-05-17 12:32:27.670 UTC: 	 Retrieving 'status_cache' file from https://cmsweb.cern.ch:8443/scheddmon/0195/pbaertsc/240517_102417:pbaertsc_crab_Muon0_Run2024D-SiPixelCalSingleMuonTight-PromptReco-v1/status_cache.pkl
DEBUG 2024-05-17 12:32:27.670 UTC: 	 Will execute:
curl -sS --capath /etc/grid-security/certificates --cert /t3home/pbaertsc/.x509up_u647 --key /t3home/pbaertsc/.x509up_u647 -o /tmp/crab_status-cache-6wj1hp0z.pkl -w %"{http_code}" "https://cmsweb.cern.ch:8443/scheddmon/0195/pbaertsc/240517_102417:pbaertsc_crab_Muon0_Run2024D-SiPixelCalSingleMuonTight-PromptReco-v1/status_cache.pkl"
DEBUG 2024-05-17 12:32:27.670 UTC: 	 Executing command :
 curl -sS --capath /etc/grid-security/certificates --cert /t3home/pbaertsc/.x509up_u647 --key /t3home/pbaertsc/.x509up_u647 -o /tmp/crab_status-cache-6wj1hp0z.pkl -w %"{http_code}" "https://cmsweb.cern.ch:8443/scheddmon/0195/pbaertsc/240517_102417:pbaertsc_crab_Muon0_Run2024D-SiPixelCalSingleMuonTight-PromptReco-v1/status_cache.pkl"
DEBUG 2024-05-17 12:32:27.753 UTC: 	 output : 200
 error: 
 retcode : 0
DEBUG 2024-05-17 12:32:27.753 UTC: 	 exitcode: 0
stdout: 200
stderr: 
error details: 
DEBUG 2024-05-17 12:32:27.755 UTC: 	 Got information from status cache file: {'1': {'Retries': 0, 'Restarts': 0, 'SiteHistory': ['Unknown', 'T2_CH_CERN', 'T2_CH_CERN'], 'ResidentSetSize': [1575252], 'SubmitTimes': [1715941509.0], 'StartTimes': [1715941607.0], 'EndTimes': [1715942387.0], 'TotalUserCpuTimeHistory': [651], 'TotalSysCpuTimeHistory': [37], 'WallDurations': [8.0, 263.7060487270355, 780.0], 'JobIds': ['102587992.0'], 'State': 'finished', 'RecordedSite': True}, '2': {'Retries': 0, 'Restarts': 0, 'SiteHistory': ['Unknown', 'T2_CH_CERN', 'T2_CH_CERN'], 'ResidentSetSize': [1621532], 'SubmitTimes': [1715941510.0], 'StartTimes': [1715941906.0], 'EndTimes': [1715942227.0], 'TotalUserCpuTimeHistory': [225], 'TotalSysCpuTimeHistory': [25], 'WallDurations': [8.0, 265.78482270240784, 321.0], 'JobIds': ['102587993.0'], 'State': 'finished', 'RecordedSite': True}, '3': {'Retries': 0, 'Restarts': 0, 'SiteHistory': ['Unknown', 'T2_CH_CERN', 'T2_CH_CERN'], 'ResidentSetSize': [1600104], 'SubmitTimes': [1715941510.0], 'StartTimes': [1715941905.0], 'EndTimes': [1715942060.0], 'TotalUserCpuTimeHistory': [100], 'TotalSysCpuTimeHistory': [10], 'WallDurations': [155.0, 266.78482270240784, 266.78482270240784], 'JobIds': ['102587994.0'], 'State': 'finished', 'RecordedSite': True}, '4': {'Retries': 0, 'Restarts': 0, 'SiteHistory': ['Unknown', 'T2_CH_CERN', 'T2_CH_CERN'], 'ResidentSetSize': [1622480], 'SubmitTimes': [1715941510.0], 'StartTimes': [1715941905.0], 'EndTimes': [1715942035.0], 'TotalUserCpuTimeHistory': [65], 'TotalSysCpuTimeHistory': [8], 'WallDurations': [130.0, 266.78482270240784, 266.78482270240784], 'JobIds': ['102587995.0'], 'State': 'finished', 'RecordedSite': True}, '5': {'Retries': 0, 'Restarts': 0, 'SiteHistory': ['Unknown', 'T2_CH_CERN', 'T2_CH_CERN'], 'ResidentSetSize': [1585648], 'SubmitTimes': [1715941510.0], 'StartTimes': [1715941905.0], 'EndTimes': [1715941987.0], 'TotalUserCpuTimeHistory': [43], 'TotalSysCpuTimeHistory': [5], 'WallDurations': [82.0, 266.78482270240784, 266.78482270240784], 'JobIds': ['102587996.0'], 'State': 'finished', 'RecordedSite': True}, '6': {'Retries': 0, 'Restarts': 0, 'SiteHistory': ['Unknown', 'T2_CH_CERN', 'T2_CH_CERN'], 'ResidentSetSize': [1596964], 'SubmitTimes': [1715941510.0], 'StartTimes': [1715941602.0], 'EndTimes': [1715941772.0], 'TotalUserCpuTimeHistory': [104], 'TotalSysCpuTimeHistory': [6], 'WallDurations': [170.0, 268.7060487270355, 268.7060487270355], 'JobIds': ['102587997.0'], 'State': 'finished', 'RecordedSite': True}, '7': {'Retries': 0, 'Restarts': 0, 'SiteHistory': ['Unknown', 'T2_CH_CERN', 'T2_CH_CERN'], 'ResidentSetSize': [1624792], 'SubmitTimes': [1715941510.0], 'StartTimes': [1715941604.0], 'EndTimes': [1715942260.0], 'TotalUserCpuTimeHistory': [516], 'TotalSysCpuTimeHistory': [28], 'WallDurations': [9.0, 266.7060487270355, 656.0], 'JobIds': ['102587998.0'], 'State': 'finished', 'RecordedSite': True}, '8': {'Retries': 0, 'Restarts': 0, 'SiteHistory': ['Unknown', 'T2_CH_CERN', 'T2_CH_CERN'], 'ResidentSetSize': [1627848], 'SubmitTimes': [1715941510.0], 'StartTimes': [1715941605.0], 'EndTimes': [1715941955.0], 'TotalUserCpuTimeHistory': [241], 'TotalSysCpuTimeHistory': [24], 'WallDurations': [8.0, 265.7060487270355, 350.0], 'JobIds': ['102587999.0'], 'State': 'finished', 'RecordedSite': True}, '9': {'Retries': 0, 'Restarts': 0, 'SiteHistory': ['Unknown', 'T2_CH_CERN', 'T2_CH_CERN'], 'ResidentSetSize': [101676], 'SubmitTimes': [1715941510.0], 'StartTimes': [1715941901.0], 'EndTimes': [1715941961.0], 'TotalUserCpuTimeHistory': [8], 'TotalSysCpuTimeHistory': [1], 'WallDurations': [60.0, 270.78482270240784, 270.78482270240784], 'JobIds': ['102588000.0'], 'State': 'finished', 'RecordedSite': True}, '10': {'Retries': 0, 'Restarts': 0, 'SiteHistory': ['Unknown', 'T2_CH_CERN', 'T2_CH_CERN'], 'ResidentSetSize': [1603172], 'SubmitTimes': [1715941510.0], 'StartTimes': [1715941900.0], 'EndTimes': [1715942196.0], 'TotalUserCpuTimeHistory': [203], 'TotalSysCpuTimeHistory': [22], 'WallDurations': [9.0, 271.78482270240784, 296.0], 'JobIds': ['102588001.0'], 'State': 'finished', 'RecordedSite': True}, '11': {'Retries': 0, 'Restarts': 0, 'SiteHistory': ['Unknown', 'T2_CH_CERN', 'T2_CH_CERN'], 'ResidentSetSize': [1625852], 'SubmitTimes': [1715941510.0], 'StartTimes': [1715941901.0], 'EndTimes': [1715942356.0], 'TotalUserCpuTimeHistory': [329], 'TotalSysCpuTimeHistory': [36], 'WallDurations': [8.0, 270.78482270240784, 455.0], 'JobIds': ['102588002.0'], 'State': 'finished', 'RecordedSite': True}, '12': {'Retries': 0, 'Restarts': 0, 'SiteHistory': ['Unknown', 'T2_CH_CERN', 'T2_CH_CERN'], 'ResidentSetSize': [1632568], 'SubmitTimes': [1715941510.0], 'StartTimes': [1715941602.0], 'EndTimes': [1715942337.0], 'TotalUserCpuTimeHistory': [569], 'TotalSysCpuTimeHistory': [57], 'WallDurations': [9.0, 268.7060487270355, 735.0], 'JobIds': ['102588003.0'], 'State': 'finished', 'RecordedSite': True}, '13': {'Retries': 0, 'Restarts': 0, 'SiteHistory': ['Unknown', 'T2_CH_CERN', 'T2_CH_CERN'], 'ResidentSetSize': [1623388], 'SubmitTimes': [1715941510.0], 'StartTimes': [1715941604.0], 'EndTimes': [1715942057.0], 'TotalUserCpuTimeHistory': [359], 'TotalSysCpuTimeHistory': [22], 'WallDurations': [10.0, 266.7060487270355, 453.0], 'JobIds': ['102588004.0'], 'State': 'finished', 'RecordedSite': True}, '14': {'Retries': 0, 'Restarts': 0, 'SiteHistory': ['Unknown', 'T2_CH_CERN', 'T2_CH_CERN'], 'ResidentSetSize': [1305020], 'SubmitTimes': [1715941510.0], 'StartTimes': [1715941603.0], 'EndTimes': [1715942202.0], 'TotalUserCpuTimeHistory': [456], 'TotalSysCpuTimeHistory': [34], 'WallDurations': [8.0, 267.7060487270355, 599.0], 'JobIds': ['102588005.0'], 'State': 'finished', 'RecordedSite': True}, '15': {'Retries': 0, 'Restarts': 0, 'SiteHistory': ['Unknown', 'T2_CH_CERN', 'T2_CH_CERN'], 'ResidentSetSize': [66900], 'SubmitTimes': [1715941510.0], 'StartTimes': [1715941604.0], 'EndTimes': [1715941760.0], 'TotalUserCpuTimeHistory': [25], 'TotalSysCpuTimeHistory': [6], 'WallDurations': [156.0, 266.7060487270355, 266.7060487270355], 'JobIds': ['102588006.0'], 'State': 'finished', 'RecordedSite': True}, '16': {'Retries': 0, 'Restarts': 0, 'SiteHistory': ['Unknown', 'T2_CH_CERN', 'T2_CH_CERN'], 'ResidentSetSize': [1626912], 'SubmitTimes': [1715941510.0], 'StartTimes': [1715941901.0], 'EndTimes': [1715942391.0], 'TotalUserCpuTimeHistory': [368], 'TotalSysCpuTimeHistory': [42], 'WallDurations': [9.0, 270.78482270240784, 490.0], 'JobIds': ['102588007.0'], 'State': 'finished', 'RecordedSite': True}, '17': {'Retries': 0, 'Restarts': 0, 'SiteHistory': ['Unknown', 'T2_CH_CERN', 'T2_CH_CERN'], 'ResidentSetSize': [1622960], 'SubmitTimes': [1715941510.0], 'StartTimes': [1715941605.0], 'EndTimes': [1715942033.0], 'TotalUserCpuTimeHistory': [318], 'TotalSysCpuTimeHistory': [22], 'WallDurations': [9.0, 265.7060487270355, 428.0], 'JobIds': ['102588008.0'], 'State': 'finished', 'RecordedSite': True}, '18': {'Retries': 0, 'Restarts': 0, 'SiteHistory': ['Unknown', 'T2_CH_CERN', 'T2_CH_CERN'], 'ResidentSetSize': [1636496], 'SubmitTimes': [1715941510.0], 'StartTimes': [1715941901.0], 'EndTimes': [1715942607.0], 'TotalUserCpuTimeHistory': [535], 'TotalSysCpuTimeHistory': [58], 'WallDurations': [9.0, 270.78482270240784, 706.0], 'JobIds': ['102588009.0'], 'State': 'finished', 'RecordedSite': True}, '19': {'Retries': 0, 'Restarts': 0, 'SiteHistory': ['Unknown', 'T2_CH_CERN', 'T2_CH_CERN'], 'ResidentSetSize': [1621888], 'SubmitTimes': [1715941510.0], 'StartTimes': [1715941902.0], 'EndTimes': [1715942448.0], 'TotalUserCpuTimeHistory': [400], 'TotalSysCpuTimeHistory': [45], 'WallDurations': [8.0, 269.78482270240784, 546.0], 'JobIds': ['102588010.0'], 'State': 'finished', 'RecordedSite': True}, '20': {'Retries': 0, 'Restarts': 0, 'SiteHistory': ['Unknown', 'T2_CH_CERN', 'T2_CH_CERN'], 'ResidentSetSize': [32680], 'SubmitTimes': [1715941510.0], 'StartTimes': [1715941604.0], 'EndTimes': [1715941723.0], 'TotalUserCpuTimeHistory': [44], 'TotalSysCpuTimeHistory': [6], 'WallDurations': [119.0, 266.7060487270355, 266.7060487270355], 'JobIds': ['102588011.0'], 'State': 'finished', 'RecordedSite': True}, '21': {'Retries': 0, 'Restarts': 0, 'SiteHistory': ['Unknown', 'T2_CH_CERN', 'T2_CH_CERN'], 'ResidentSetSize': [1629684], 'SubmitTimes': [1715941510.0], 'StartTimes': [1715941901.0], 'EndTimes': [1715942153.0], 'TotalUserCpuTimeHistory': [174], 'TotalSysCpuTimeHistory': [19], 'WallDurations': [252.0, 270.78482270240784, 270.78482270240784], 'JobIds': ['102588012.0'], 'State': 'finished', 'RecordedSite': True}, '22': {'Retries': 0, 'Restarts': 0, 'SiteHistory': ['Unknown', 'T2_CH_CERN', 'T2_CH_CERN'], 'ResidentSetSize': [1632116], 'SubmitTimes': [1715941511.0], 'StartTimes': [1715941902.0], 'EndTimes': [1715942555.0], 'TotalUserCpuTimeHistory': [495], 'TotalSysCpuTimeHistory': [50], 'WallDurations': [8.0, 269.78482270240784, 653.0], 'JobIds': ['102588013.0'], 'State': 'finished', 'RecordedSite': True}, '23': {'Retries': 0, 'Restarts': 0, 'SiteHistory': ['Unknown', 'T2_CH_CERN', 'T2_CH_CERN'], 'ResidentSetSize': [1590356], 'SubmitTimes': [1715941511.0], 'StartTimes': [1715941902.0], 'EndTimes': [1715942066.0], 'TotalUserCpuTimeHistory': [111], 'TotalSysCpuTimeHistory': [11], 'WallDurations': [164.0, 269.78482270240784, 269.78482270240784], 'JobIds': ['102588014.0'], 'State': 'finished', 'RecordedSite': True}, '24': {'Retries': 0, 'Restarts': 0, 'SiteHistory': ['Unknown', 'T2_CH_CERN', 'T2_CH_CERN'], 'ResidentSetSize': [1631284], 'SubmitTimes': [1715941511.0], 'StartTimes': [1715941902.0], 'EndTimes': [1715942383.0], 'TotalUserCpuTimeHistory': [374], 'TotalSysCpuTimeHistory': [40], 'WallDurations': [8.0, 269.78482270240784, 481.0], 'JobIds': ['102588015.0'], 'State': 'finished', 'RecordedSite': True}, '25': {'Retries': 0, 'Restarts': 0, 'SiteHistory': ['Unknown', 'T2_CH_CERN', 'T2_CH_CERN'], 'ResidentSetSize': [1623860], 'SubmitTimes': [1715941511.0], 'StartTimes': [1715941901.0], 'EndTimes': [1715942264.0], 'TotalUserCpuTimeHistory': [250], 'TotalSysCpuTimeHistory': [26], 'WallDurations': [10.0, 270.78482270240784, 363.0], 'JobIds': ['102588016.0'], 'State': 'finished', 'RecordedSite': True}, '26': {'Retries': 0, 'Restarts': 0, 'SiteHistory': ['Unknown', 'T2_CH_CERN', 'T2_CH_CERN'], 'ResidentSetSize': [115100], 'SubmitTimes': [1715941516.0], 'StartTimes': [1715941603.0], 'EndTimes': [1715941731.0], 'TotalUserCpuTimeHistory': [69], 'TotalSysCpuTimeHistory': [7], 'WallDurations': [128.0, 267.7060487270355, 267.7060487270355], 'JobIds': ['102588018.0'], 'State': 'finished', 'RecordedSite': True}, '27': {'Retries': 0, 'Restarts': 0, 'SiteHistory': ['Unknown', 'T2_CH_CERN', 'T2_CH_CERN'], 'ResidentSetSize': [1621372], 'SubmitTimes': [1715941516.0], 'StartTimes': [1715941902.0], 'EndTimes': [1715941968.0], 'TotalUserCpuTimeHistory': [17], 'TotalSysCpuTimeHistory': [2], 'WallDurations': [66.0, 269.78482270240784, 269.78482270240784], 'JobIds': ['102588019.0'], 'State': 'finished', 'RecordedSite': True}, '28': {'Retries': 0, 'Restarts': 0, 'SiteHistory': ['Unknown', 'T2_CH_CERN', 'T2_CH_CERN'], 'ResidentSetSize': [1630536], 'SubmitTimes': [1715941516.0], 'StartTimes': [1715941904.0], 'EndTimes': [1715942372.0], 'TotalUserCpuTimeHistory': [336], 'TotalSysCpuTimeHistory': [37], 'WallDurations': [9.0, 267.78482270240784, 468.0], 'JobIds': ['102588020.0'], 'State': 'finished', 'RecordedSite': True}, '29': {'Retries': 0, 'Restarts': 0, 'SiteHistory': ['Unknown', 'T2_CH_CERN', 'T2_CH_CERN'], 'ResidentSetSize': [1629312], 'SubmitTimes': [1715941516.0], 'StartTimes': [1715941902.0], 'EndTimes': [1715942355.0], 'TotalUserCpuTimeHistory': [333], 'TotalSysCpuTimeHistory': [38], 'WallDurations': [9.0, 269.78482270240784, 453.0], 'JobIds': ['102588021.0'], 'State': 'finished', 'RecordedSite': True}, '30': {'Retries': 0, 'Restarts': 0, 'SiteHistory': ['Unknown', 'T2_CH_CERN', 'T2_CH_CERN'], 'ResidentSetSize': [1628348], 'SubmitTimes': [1715941516.0], 'StartTimes': [1715941902.0], 'EndTimes': [1715942496.0], 'TotalUserCpuTimeHistory': [426], 'TotalSysCpuTimeHistory': [50], 'WallDurations': [9.0, 269.78482270240784, 594.0], 'JobIds': ['102588022.0'], 'State': 'finished', 'RecordedSite': True}, '31': {'Retries': 0, 'Restarts': 0, 'SiteHistory': ['Unknown', 'T2_CH_CERN', 'T2_CH_CERN'], 'ResidentSetSize': [1631748], 'SubmitTimes': [1715941516.0], 'StartTimes': [1715941603.0], 'EndTimes': [1715942066.0], 'TotalUserCpuTimeHistory': [343], 'TotalSysCpuTimeHistory': [36], 'WallDurations': [8.0, 267.7060487270355, 463.0], 'JobIds': ['102588023.0'], 'State': 'finished', 'RecordedSite': True}, '32': {'Retries': 0, 'Restarts': 0, 'SiteHistory': ['Unknown', 'T2_CH_CERN', 'T2_CH_CERN'], 'ResidentSetSize': [1593168], 'SubmitTimes': [1715941516.0], 'StartTimes': [1715941903.0], 'EndTimes': [1715942058.0], 'TotalUserCpuTimeHistory': [88], 'TotalSysCpuTimeHistory': [11], 'WallDurations': [155.0, 268.78482270240784, 268.78482270240784], 'JobIds': ['102588024.0'], 'State': 'finished', 'RecordedSite': True}, '33': {'Retries': 0, 'Restarts': 0, 'SiteHistory': ['Unknown', 'T2_CH_CERN', 'T2_CH_CERN'], 'ResidentSetSize': [1634072], 'SubmitTimes': [1715941516.0], 'StartTimes': [1715941902.0], 'EndTimes': [1715942579.0], 'TotalUserCpuTimeHistory': [515], 'TotalSysCpuTimeHistory': [60], 'WallDurations': [9.0, 269.78482270240784, 677.0], 'JobIds': ['102588025.0'], 'State': 'finished', 'RecordedSite': True}, '34': {'Retries': 0, 'Restarts': 0, 'SiteHistory': ['Unknown', 'T2_CH_CERN', 'T2_CH_CERN'], 'ResidentSetSize': [1627656], 'SubmitTimes': [1715941516.0], 'StartTimes': [1715941604.0], 'EndTimes': [1715942146.0], 'TotalUserCpuTimeHistory': [399], 'TotalSysCpuTimeHistory': [39], 'WallDurations': [9.0, 266.7060487270355, 542.0], 'JobIds': ['102588026.0'], 'State': 'finished', 'RecordedSite': True}, '35': {'Retries': 0, 'Restarts': 0, 'SiteHistory': ['Unknown', 'T2_CH_CERN', 'T2_CH_CERN'], 'ResidentSetSize': [1632412], 'SubmitTimes': [1715941516.0], 'StartTimes': [1715941605.0], 'EndTimes': [1715942410.0], 'TotalUserCpuTimeHistory': [612], 'TotalSysCpuTimeHistory': [58], 'WallDurations': [9.0, 265.7060487270355, 805.0], 'JobIds': ['102588027.0'], 'State': 'finished', 'RecordedSite': True}, '36': {'Retries': 0, 'Restarts': 0, 'SiteHistory': ['Unknown', 'T2_CH_CERN', 'T2_CH_CERN'], 'ResidentSetSize': [1634504], 'SubmitTimes': [1715941517.0], 'StartTimes': [1715941902.0], 'EndTimes': [1715942245.0], 'TotalUserCpuTimeHistory': [243], 'TotalSysCpuTimeHistory': [28], 'WallDurations': [8.0, 269.78482270240784, 343.0], 'JobIds': ['102588028.0'], 'State': 'finished', 'RecordedSite': True}, '37': {'Retries': 0, 'Restarts': 0, 'SiteHistory': ['Unknown', 'T2_CH_CERN', 'T2_CH_CERN'], 'ResidentSetSize': [1626788], 'SubmitTimes': [1715941517.0], 'StartTimes': [1715941902.0], 'EndTimes': [1715942239.0], 'TotalUserCpuTimeHistory': [236], 'TotalSysCpuTimeHistory': [26], 'WallDurations': [8.0, 269.78482270240784, 337.0], 'JobIds': ['102588029.0'], 'State': 'finished', 'RecordedSite': True}, '38': {'Retries': 0, 'Restarts': 0, 'SiteHistory': ['Unknown', 'T2_CH_CERN', 'T2_CH_CERN'], 'ResidentSetSize': [1628956], 'SubmitTimes': [1715941517.0], 'StartTimes': [1715941902.0], 'EndTimes': [1715942403.0], 'TotalUserCpuTimeHistory': [383], 'TotalSysCpuTimeHistory': [46], 'WallDurations': [10.0, 269.78482270240784, 501.0], 'JobIds': ['102588030.0'], 'State': 'finished', 'RecordedSite': True}, '39': {'Retries': 0, 'Restarts': 0, 'SiteHistory': ['Unknown', 'T2_CH_CERN', 'T2_CH_CERN'], 'ResidentSetSize': [1623448], 'SubmitTimes': [1715941517.0], 'StartTimes': [1715941903.0], 'EndTimes': [1715942565.0], 'TotalUserCpuTimeHistory': [505], 'TotalSysCpuTimeHistory': [53], 'WallDurations': [8.0, 268.78482270240784, 662.0], 'JobIds': ['102588031.0'], 'State': 'finished', 'RecordedSite': True}, '40': {'Retries': 0, 'Restarts': 0, 'SiteHistory': ['Unknown', 'T2_CH_CERN', 'T2_CH_CERN'], 'ResidentSetSize': [1630176], 'SubmitTimes': [1715941517.0], 'StartTimes': [1715941903.0], 'EndTimes': [1715942590.0], 'TotalUserCpuTimeHistory': [530], 'TotalSysCpuTimeHistory': [62], 'WallDurations': [8.0, 268.78482270240784, 687.0], 'JobIds': ['102588032.0'], 'State': 'finished', 'RecordedSite': True}, '41': {'Retries': 0, 'Restarts': 0, 'SiteHistory': ['Unknown', 'T2_CH_CERN', 'T2_CH_CERN'], 'ResidentSetSize': [1635940], 'SubmitTimes': [1715941517.0], 'StartTimes': [1715941902.0], 'EndTimes': [1715942457.0], 'TotalUserCpuTimeHistory': [428], 'TotalSysCpuTimeHistory': [48], 'WallDurations': [8.0, 269.78482270240784, 555.0], 'JobIds': ['102588033.0'], 'State': 'finished', 'RecordedSite': True}, '42': {'Retries': 0, 'Restarts': 0, 'SiteHistory': ['Unknown', 'T2_CH_CERN', 'T2_CH_CERN'], 'ResidentSetSize': [1624324], 'SubmitTimes': [1715941517.0], 'StartTimes': [1715941604.0], 'EndTimes': [1715941927.0], 'TotalUserCpuTimeHistory': [220], 'TotalSysCpuTimeHistory': [15], 'WallDurations': [9.0, 266.7060487270355, 323.0], 'JobIds': ['102588034.0'], 'State': 'finished', 'RecordedSite': True}, '43': {'Retries': 0, 'Restarts': 0, 'SiteHistory': ['Unknown', 'T2_CH_CERN', 'T2_CH_CERN'], 'ResidentSetSize': [1626900], 'SubmitTimes': [1715941517.0], 'StartTimes': [1715941603.0], 'EndTimes': [1715942158.0], 'TotalUserCpuTimeHistory': [435], 'TotalSysCpuTimeHistory': [23], 'WallDurations': [9.0, 267.7060487270355, 555.0], 'JobIds': ['102588035.0'], 'State': 'finished', 'RecordedSite': True}, '44': {'Retries': 0, 'Restarts': 0, 'SiteHistory': ['Unknown', 'T2_CH_CERN', 'T2_CH_CERN'], 'ResidentSetSize': [1578220], 'SubmitTimes': [1715941517.0], 'StartTimes': [1715941902.0], 'EndTimes': [1715942341.0], 'TotalUserCpuTimeHistory': [320], 'TotalSysCpuTimeHistory': [36], 'WallDurations': [9.0, 269.78482270240784, 439.0], 'JobIds': ['102588036.0'], 'State': 'finished', 'RecordedSite': True}, '45': {'Retries': 0, 'Restarts': 0, 'SiteHistory': ['Unknown', 'T2_CH_CERN', 'T2_CH_CERN'], 'ResidentSetSize': [1641992], 'SubmitTimes': [1715941517.0], 'StartTimes': [1715941903.0], 'EndTimes': [1715942545.0], 'TotalUserCpuTimeHistory': [480], 'TotalSysCpuTimeHistory': [57], 'WallDurations': [9.0, 268.78482270240784, 642.0], 'JobIds': ['102588037.0'], 'State': 'finished', 'RecordedSite': True}, '47': {'Retries': 0, 'Restarts': 0, 'SiteHistory': ['Unknown', 'T2_CH_CERN', 'T2_CH_CERN'], 'ResidentSetSize': [1627964], 'SubmitTimes': [1715941517.0], 'StartTimes': [1715941902.0], 'EndTimes': [1715942474.0], 'TotalUserCpuTimeHistory': [439], 'TotalSysCpuTimeHistory': [46], 'WallDurations': [9.0, 269.78482270240784, 572.0], 'JobIds': ['102588038.0'], 'State': 'finished', 'RecordedSite': True}, '48': {'Retries': 0, 'Restarts': 0, 'SiteHistory': ['Unknown', 'T2_CH_CERN', 'T2_CH_CERN'], 'ResidentSetSize': [112144], 'SubmitTimes': [1715941517.0], 'StartTimes': [1715941603.0], 'EndTimes': [1715941728.0], 'TotalUserCpuTimeHistory': [53], 'TotalSysCpuTimeHistory': [6], 'WallDurations': [125.0, 267.7060487270355, 267.7060487270355], 'JobIds': ['102588039.0'], 'State': 'finished', 'RecordedSite': True}, '49': {'Retries': 0, 'Restarts': 0, 'SiteHistory': ['Unknown', 'T2_CH_CERN', 'T2_CH_CERN'], 'ResidentSetSize': [1301108], 'SubmitTimes': [1715941517.0], 'StartTimes': [1715941606.0], 'EndTimes': [1715941979.0], 'TotalUserCpuTimeHistory': [281], 'TotalSysCpuTimeHistory': [20], 'WallDurations': [8.0, 264.7060487270355, 373.0], 'JobIds': ['102588040.0'], 'State': 'finished', 'RecordedSite': True}, '50': {'Retries': 0, 'Restarts': 0, 'SiteHistory': ['Unknown', 'T2_CH_CERN', 'T2_CH_CERN'], 'ResidentSetSize': [1623132], 'SubmitTimes': [1715941517.0], 'StartTimes': [1715941901.0], 'EndTimes': [1715942246.0], 'TotalUserCpuTimeHistory': [246], 'TotalSysCpuTimeHistory': [27], 'WallDurations': [9.0, 270.78482270240784, 345.0], 'JobIds': ['102588041.0'], 'State': 'finished', 'RecordedSite': True}, '51': {'Retries': 0, 'Restarts': 0, 'SiteHistory': ['Unknown', 'T2_CH_CERN', 'T2_CH_CERN'], 'ResidentSetSize': [1615872], 'SubmitTimes': [1715941517.0], 'StartTimes': [1715941903.0], 'EndTimes': [1715942376.0], 'TotalUserCpuTimeHistory': [337], 'TotalSysCpuTimeHistory': [38], 'WallDurations': [8.0, 268.78482270240784, 473.0], 'JobIds': ['102588042.0'], 'State': 'finished', 'RecordedSite': True}, '52': {'Retries': 0, 'Restarts': 0, 'SiteHistory': ['Unknown', 'T2_CH_CERN', 'T2_CH_CERN'], 'ResidentSetSize': [1627276], 'SubmitTimes': [1715941517.0], 'StartTimes': [1715941604.0], 'EndTimes': [1715942294.0], 'TotalUserCpuTimeHistory': [516], 'TotalSysCpuTimeHistory': [49], 'WallDurations': [9.0, 266.7060487270355, 690.0], 'JobIds': ['102588043.0'], 'State': 'finished', 'RecordedSite': True}, '54': {'Retries': 0, 'Restarts': 0, 'SiteHistory': ['Unknown', 'T2_CH_CERN', 'T2_CH_CERN'], 'ResidentSetSize': [1629372], 'SubmitTimes': [1715941517.0], 'StartTimes': [1715941902.0], 'EndTimes': [1715942201.0], 'TotalUserCpuTimeHistory': [206], 'TotalSysCpuTimeHistory': [23], 'WallDurations': [10.0, 269.78482270240784, 299.0], 'JobIds': ['102588044.0'], 'State': 'finished', 'RecordedSite': True}, '55': {'Retries': 0, 'Restarts': 0, 'SiteHistory': ['Unknown', 'T2_CH_CERN', 'T2_CH_CERN'], 'ResidentSetSize': [1588384], 'SubmitTimes': [1715941517.0], 'StartTimes': [1715941603.0], 'EndTimes': [1715941762.0], 'TotalUserCpuTimeHistory': [88], 'TotalSysCpuTimeHistory': [5], 'WallDurations': [159.0, 267.7060487270355, 267.7060487270355], 'JobIds': ['102588045.0'], 'State': 'finished', 'RecordedSite': True}, '53': {'Retries': 0, 'Restarts': 0, 'SiteHistory': ['Unknown', 'T2_CH_CERN', 'T2_CH_CERN'], 'ResidentSetSize': [120916], 'SubmitTimes': [1715941517.0], 'StartTimes': [1715941902.0], 'EndTimes': [1715942158.0], 'TotalUserCpuTimeHistory': [175], 'TotalSysCpuTimeHistory': [21], 'WallDurations': [256.0, 269.78482270240784, 269.78482270240784], 'JobIds': ['102588046.0'], 'State': 'finished', 'RecordedSite': True}, '56': {'Retries': 0, 'Restarts': 0, 'SiteHistory': ['Unknown', 'T2_CH_CERN', 'T2_CH_CERN'], 'ResidentSetSize': [1637436], 'SubmitTimes': [1715941517.0], 'StartTimes': [1715941903.0], 'EndTimes': [1715942355.0], 'TotalUserCpuTimeHistory': [330], 'TotalSysCpuTimeHistory': [38], 'WallDurations': [8.0, 268.78482270240784, 452.0], 'JobIds': ['102588047.0'], 'State': 'finished', 'RecordedSite': True}, '57': {'Retries': 0, 'Restarts': 0, 'SiteHistory': ['Unknown', 'T2_CH_CERN', 'T2_CH_CERN'], 'ResidentSetSize': [1618796], 'SubmitTimes': [1715941517.0], 'StartTimes': [1715941604.0], 'EndTimes': [1715942931.0], 'TotalUserCpuTimeHistory': [1099], 'TotalSysCpuTimeHistory': [71], 'WallDurations': [10.0, 266.7060487270355, 1327.0], 'JobIds': ['102588048.0'], 'State': 'finished', 'RecordedSite': True}, '58': {'Retries': 0, 'Restarts': 0, 'SiteHistory': ['Unknown', 'T2_CH_CERN', 'T2_CH_CERN'], 'ResidentSetSize': [1627036], 'SubmitTimes': [1715941517.0], 'StartTimes': [1715941903.0], 'EndTimes': [1715942511.0], 'TotalUserCpuTimeHistory': [453], 'TotalSysCpuTimeHistory': [51], 'WallDurations': [9.0, 268.78482270240784, 608.0], 'JobIds': ['102588049.0'], 'State': 'finished', 'RecordedSite': True}, '59': {'Retries': 0, 'Restarts': 0, 'SiteHistory': ['Unknown', 'T2_CH_CERN', 'T2_CH_CERN'], 'ResidentSetSize': [1623148], 'SubmitTimes': [1715941517.0], 'StartTimes': [1715941905.0], 'EndTimes': [1715942322.0], 'TotalUserCpuTimeHistory': [293], 'TotalSysCpuTimeHistory': [33], 'WallDurations': [8.0, 266.78482270240784, 417.0], 'JobIds': ['102588050.0'], 'State': 'finished', 'RecordedSite': True}, '60': {'Retries': 0, 'Restarts': 0, 'SiteHistory': ['Unknown', 'T2_CH_CERN', 'T2_CH_CERN'], 'ResidentSetSize': [1630416], 'SubmitTimes': [1715941517.0], 'StartTimes': [1715941607.0], 'EndTimes': [1715942256.0], 'TotalUserCpuTimeHistory': [482], 'TotalSysCpuTimeHistory': [52], 'WallDurations': [8.0, 263.7060487270355, 649.0], 'JobIds': ['102588051.0'], 'State': 'finished', 'RecordedSite': True}, '61': {'Retries': 0, 'Restarts': 0, 'SiteHistory': ['Unknown', 'T2_CH_CERN', 'T2_CH_CERN'], 'ResidentSetSize': [1630536], 'SubmitTimes': [1715941517.0], 'StartTimes': [1715941903.0], 'EndTimes': [1715942620.0], 'TotalUserCpuTimeHistory': [542], 'TotalSysCpuTimeHistory': [62], 'WallDurations': [9.0, 268.78482270240784, 717.0], 'JobIds': ['102588052.0'], 'State': 'finished', 'RecordedSite': True}, '62': {'Retries': 0, 'Restarts': 0, 'SiteHistory': ['Unknown', 'T2_CH_CERN', 'T2_CH_CERN'], 'ResidentSetSize': [1628984], 'SubmitTimes': [1715941517.0], 'StartTimes': [1715941904.0], 'EndTimes': [1715942258.0], 'TotalUserCpuTimeHistory': [248], 'TotalSysCpuTimeHistory': [28], 'WallDurations': [9.0, 267.78482270240784, 354.0], 'JobIds': ['102588053.0'], 'State': 'finished', 'RecordedSite': True}, '63': {'Retries': 0, 'Restarts': 0, 'SiteHistory': ['Unknown', 'T2_CH_CERN', 'T2_CH_CERN'], 'ResidentSetSize': [1623200], 'SubmitTimes': [1715941517.0], 'StartTimes': [1715941606.0], 'EndTimes': [1715942528.0], 'TotalUserCpuTimeHistory': [688], 'TotalSysCpuTimeHistory': [42], 'WallDurations': [8.0, 264.7060487270355, 922.0], 'JobIds': ['102588054.0'], 'State': 'finished', 'RecordedSite': True}, '64': {'Retries': 0, 'Restarts': 0, 'SiteHistory': ['Unknown', 'T2_CH_CERN', 'T2_CH_CERN'], 'ResidentSetSize': [1631392], 'SubmitTimes': [1715941517.0], 'StartTimes': [1715941903.0], 'EndTimes': [1715941985.0], 'TotalUserCpuTimeHistory': [19], 'TotalSysCpuTimeHistory': [3], 'WallDurations': [82.0, 268.78482270240784, 268.78482270240784], 'JobIds': ['102588055.0'], 'State': 'finished', 'RecordedSite': True}, '65': {'Retries': 0, 'Restarts': 0, 'SiteHistory': ['Unknown', 'T2_CH_CERN', 'T2_CH_CERN'], 'ResidentSetSize': [1632372], 'SubmitTimes': [1715941517.0], 'StartTimes': [1715941606.0], 'EndTimes': [1715942322.0], 'TotalUserCpuTimeHistory': [560], 'TotalSysCpuTimeHistory': [50], 'WallDurations': [8.0, 264.7060487270355, 716.0], 'JobIds': ['102588056.0'], 'State': 'finished', 'RecordedSite': True}, '66': {'Retries': 0, 'Restarts': 0, 'SiteHistory': ['Unknown', 'T2_CH_CERN', 'T2_CH_CERN'], 'ResidentSetSize': [1627208], 'SubmitTimes': [1715941517.0], 'StartTimes': [1715941605.0], 'EndTimes': [1715942027.0], 'TotalUserCpuTimeHistory': [300], 'TotalSysCpuTimeHistory': [16], 'WallDurations': [8.0, 265.7060487270355, 422.0], 'JobIds': ['102588057.0'], 'State': 'finished', 'RecordedSite': True}, '67': {'Retries': 0, 'Restarts': 0, 'SiteHistory': ['Unknown', 'T2_CH_CERN', 'T2_CH_CERN'], 'ResidentSetSize': [1628628], 'SubmitTimes': [1715941517.0], 'StartTimes': [1715941606.0], 'EndTimes': [1715942570.0], 'TotalUserCpuTimeHistory': [804], 'TotalSysCpuTimeHistory': [45], 'WallDurations': [9.0, 264.7060487270355, 964.0], 'JobIds': ['102588058.0'], 'State': 'finished', 'RecordedSite': True}, '68': {'Retries': 0, 'Restarts': 0, 'SiteHistory': ['Unknown', 'T2_CH_CERN', 'T2_CH_CERN'], 'ResidentSetSize': [1587852], 'SubmitTimes': [1715941517.0], 'StartTimes': [1715941606.0], 'EndTimes': [1715942679.0], 'TotalUserCpuTimeHistory': [899], 'TotalSysCpuTimeHistory': [53], 'WallDurations': [9.0, 264.7060487270355, 1073.0], 'JobIds': ['102588059.0'], 'State': 'finished', 'RecordedSite': True}, '69': {'Retries': 0, 'Restarts': 0, 'SiteHistory': ['Unknown', 'T2_CH_CERN', 'T2_CH_CERN'], 'ResidentSetSize': [1270916], 'SubmitTimes': [1715941517.0], 'StartTimes': [1715941903.0], 'EndTimes': [1715942032.0], 'TotalUserCpuTimeHistory': [81], 'TotalSysCpuTimeHistory': [9], 'WallDurations': [129.0, 268.78482270240784, 268.78482270240784], 'JobIds': ['102588060.0'], 'State': 'finished', 'RecordedSite': True}, '70': {'Retries': 0, 'Restarts': 0, 'SiteHistory': ['Unknown', 'T2_CH_CERN', 'T2_CH_CERN'], 'ResidentSetSize': [1636084], 'SubmitTimes': [1715941517.0], 'StartTimes': [1715941905.0], 'EndTimes': [1715942229.0], 'TotalUserCpuTimeHistory': [235], 'TotalSysCpuTimeHistory': [26], 'WallDurations': [8.0, 266.78482270240784, 324.0], 'JobIds': ['102588061.0'], 'State': 'finished', 'RecordedSite': True}, '71': {'Retries': 0, 'Restarts': 0, 'SiteHistory': ['Unknown', 'T2_CH_CERN', 'T2_CH_CERN'], 'ResidentSetSize': [1632832], 'SubmitTimes': [1715941517.0], 'StartTimes': [1715941904.0], 'EndTimes': [1715942359.0], 'TotalUserCpuTimeHistory': [332], 'TotalSysCpuTimeHistory': [36], 'WallDurations': [9.0, 267.78482270240784, 455.0], 'JobIds': ['102588062.0'], 'State': 'finished', 'RecordedSite': True}, '72': {'Retries': 0, 'Restarts': 0, 'SiteHistory': ['Unknown', 'T2_CH_CERN', 'T2_CH_CERN'], 'ResidentSetSize': [1613600], 'SubmitTimes': [1715941518.0], 'StartTimes': [1715941605.0], 'EndTimes': [1715942038.0], 'TotalUserCpuTimeHistory': [326], 'TotalSysCpuTimeHistory': [32], 'WallDurations': [9.0, 265.7060487270355, 433.0], 'JobIds': ['102588063.0'], 'State': 'finished', 'RecordedSite': True}, '73': {'Retries': 0, 'Restarts': 0, 'SiteHistory': ['Unknown', 'T2_CH_CERN', 'T2_CH_CERN'], 'ResidentSetSize': [1621688], 'SubmitTimes': [1715941518.0], 'StartTimes': [1715941904.0], 'EndTimes': [1715942185.0], 'TotalUserCpuTimeHistory': [186], 'TotalSysCpuTimeHistory': [21], 'WallDurations': [9.0, 267.78482270240784, 281.0], 'JobIds': ['102588064.0'], 'State': 'finished', 'RecordedSite': True}, '74': {'Retries': 0, 'Restarts': 0, 'SiteHistory': ['Unknown', 'T2_CH_CERN', 'T2_CH_CERN'], 'ResidentSetSize': [114200], 'SubmitTimes': [1715941518.0], 'StartTimes': [1715941903.0], 'EndTimes': [1715942069.0], 'TotalUserCpuTimeHistory': [103], 'TotalSysCpuTimeHistory': [11], 'WallDurations': [166.0, 268.78482270240784, 268.78482270240784], 'JobIds': ['102588065.0'], 'State': 'finished', 'RecordedSite': True}, '76': {'Retries': 0, 'Restarts': 0, 'SiteHistory': ['Unknown', 'T2_CH_CERN', 'T2_CH_CERN'], 'ResidentSetSize': [1636744], 'SubmitTimes': [1715941518.0], 'StartTimes': [1715941905.0], 'EndTimes': [1715942237.0], 'TotalUserCpuTimeHistory': [241], 'TotalSysCpuTimeHistory': [28], 'WallDurations': [9.0, 266.78482270240784, 332.0], 'JobIds': ['102588066.0'], 'State': 'finished', 'RecordedSite': True}, '75': {'Retries': 0, 'Restarts': 0, 'SiteHistory': ['Unknown', 'T2_CH_CERN', 'T2_CH_CERN'], 'ResidentSetSize': [1630780], 'SubmitTimes': [1715941518.0], 'StartTimes': [1715941905.0], 'EndTimes': [1715942234.0], 'TotalUserCpuTimeHistory': [231], 'TotalSysCpuTimeHistory': [25], 'WallDurations': [8.0, 266.78482270240784, 329.0], 'JobIds': ['102588067.0'], 'State': 'finished', 'RecordedSite': True}, '77': {'Retries': 0, 'Restarts': 0, 'SiteHistory': ['Unknown', 'T2_CH_CERN', 'T2_CH_CERN'], 'ResidentSetSize': [1631168], 'SubmitTimes': [1715941518.0], 'StartTimes': [1715941605.0], 'EndTimes': [1715942519.0], 'TotalUserCpuTimeHistory': [734], 'TotalSysCpuTimeHistory': [43], 'WallDurations': [10.0, 265.7060487270355, 914.0], 'JobIds': ['102588068.0'], 'State': 'finished', 'RecordedSite': True}, '78': {'Retries': 0, 'Restarts': 0, 'SiteHistory': ['Unknown', 'T2_CH_CERN', 'T2_CH_CERN'], 'ResidentSetSize': [1616252], 'SubmitTimes': [1715941518.0], 'StartTimes': [1715941904.0], 'EndTimes': [1715942116.0], 'TotalUserCpuTimeHistory': [151], 'TotalSysCpuTimeHistory': [16], 'WallDurations': [212.0, 267.78482270240784, 267.78482270240784], 'JobIds': ['102588069.0'], 'State': 'finished', 'RecordedSite': True}, '79': {'Retries': 0, 'Restarts': 0, 'SiteHistory': ['Unknown', 'T2_CH_CERN', 'T2_CH_CERN'], 'ResidentSetSize': [1573028], 'SubmitTimes': [1715941518.0], 'StartTimes': [1715941905.0], 'EndTimes': [1715942455.0], 'TotalUserCpuTimeHistory': [422], 'TotalSysCpuTimeHistory': [45], 'WallDurations': [8.0, 266.78482270240784, 550.0], 'JobIds': ['102588070.0'], 'State': 'finished', 'RecordedSite': True}, '80': {'Retries': 0, 'Restarts': 0, 'SiteHistory': ['Unknown', 'T2_CH_CERN', 'T2_CH_CERN'], 'ResidentSetSize': [1634012], 'SubmitTimes': [1715941518.0], 'StartTimes': [1715941905.0], 'EndTimes': [1715942551.0], 'TotalUserCpuTimeHistory': [491], 'TotalSysCpuTimeHistory': [55], 'WallDurations': [8.0, 266.78482270240784, 646.0], 'JobIds': ['102588071.0'], 'State': 'finished', 'RecordedSite': True}, '81': {'Retries': 0, 'Restarts': 0, 'SiteHistory': ['Unknown', 'T2_CH_CERN', 'T2_CH_CERN'], 'ResidentSetSize': [1637640], 'SubmitTimes': [1715941518.0], 'StartTimes': [1715941905.0], 'EndTimes': [1715942334.0], 'TotalUserCpuTimeHistory': [316], 'TotalSysCpuTimeHistory': [33], 'WallDurations': [8.0, 266.78482270240784, 429.0], 'JobIds': ['102588072.0'], 'State': 'finished', 'RecordedSite': True}, '83': {'Retries': 0, 'Restarts': 0, 'SiteHistory': ['Unknown', 'T2_CH_CERN', 'T2_CH_CERN'], 'ResidentSetSize': [1596588], 'SubmitTimes': [1715941518.0], 'StartTimes': [1715941905.0], 'EndTimes': [1715941987.0], 'TotalUserCpuTimeHistory': [26], 'TotalSysCpuTimeHistory': [4], 'WallDurations': [82.0, 266.78482270240784, 266.78482270240784], 'JobIds': ['102588073.0'], 'State': 'finished', 'RecordedSite': True}, '82': {'Retries': 0, 'Restarts': 0, 'SiteHistory': ['Unknown', 'T2_CH_CERN', 'T2_CH_CERN'], 'ResidentSetSize': [1630292], 'SubmitTimes': [1715941518.0], 'StartTimes': [1715941905.0], 'EndTimes': [1715942596.0], 'TotalUserCpuTimeHistory': [493], 'TotalSysCpuTimeHistory': [56], 'WallDurations': [8.0, 266.78482270240784, 691.0], 'JobIds': ['102588074.0'], 'State': 'finished', 'RecordedSite': True}, '84': {'Retries': 0, 'Restarts': 0, 'SiteHistory': ['Unknown', 'T2_CH_CERN', 'T2_CH_CERN'], 'ResidentSetSize': [1637224], 'SubmitTimes': [1715941518.0], 'StartTimes': [1715941607.0], 'EndTimes': [1715942348.0], 'TotalUserCpuTimeHistory': [562], 'TotalSysCpuTimeHistory': [62], 'WallDurations': [8.0, 263.7060487270355, 741.0], 'JobIds': ['102588075.0'], 'State': 'finished', 'RecordedSite': True}, '85': {'Retries': 0, 'Restarts': 0, 'SiteHistory': ['Unknown', 'T2_CH_CERN', 'T2_CH_CERN'], 'ResidentSetSize': [1635236], 'SubmitTimes': [1715941518.0], 'StartTimes': [1715941903.0], 'EndTimes': [1715942449.0], 'TotalUserCpuTimeHistory': [405], 'TotalSysCpuTimeHistory': [51], 'WallDurations': [9.0, 268.78482270240784, 546.0], 'JobIds': ['102588076.0'], 'State': 'finished', 'RecordedSite': True}, '86': {'Retries': 0, 'Restarts': 0, 'SiteHistory': ['Unknown', 'T2_CH_CERN', 'T2_CH_CERN'], 'ResidentSetSize': [1624680], 'SubmitTimes': [1715941518.0], 'StartTimes': [1715941606.0], 'EndTimes': [1715942162.0], 'TotalUserCpuTimeHistory': [423], 'TotalSysCpuTimeHistory': [49], 'WallDurations': [9.0, 264.7060487270355, 556.0], 'JobIds': ['102588077.0'], 'State': 'finished', 'RecordedSite': True}, '87': {'Retries': 0, 'Restarts': 0, 'SiteHistory': ['Unknown', 'T2_CH_CERN', 'T2_CH_CERN'], 'ResidentSetSize': [1588992], 'SubmitTimes': [1715941518.0], 'StartTimes': [1715941904.0], 'EndTimes': [1715941986.0], 'TotalUserCpuTimeHistory': [37], 'TotalSysCpuTimeHistory': [5], 'WallDurations': [82.0, 267.78482270240784, 267.78482270240784], 'JobIds': ['102588078.0'], 'State': 'finished', 'RecordedSite': True}, '89': {'Retries': 0, 'Restarts': 0, 'SiteHistory': ['Unknown', 'T2_CH_CERN', 'T2_CH_CERN'], 'ResidentSetSize': [1635164], 'SubmitTimes': [1715941518.0], 'StartTimes': [1715941905.0], 'EndTimes': [1715942316.0], 'TotalUserCpuTimeHistory': [297], 'TotalSysCpuTimeHistory': [35], 'WallDurations': [8.0, 266.78482270240784, 411.0], 'JobIds': ['102588079.0'], 'State': 'finished', 'RecordedSite': True}, '88': {'Retries': 0, 'Restarts': 0, 'SiteHistory': ['Unknown', 'T2_CH_CERN', 'T2_CH_CERN'], 'ResidentSetSize': [1626656], 'SubmitTimes': [1715941518.0], 'StartTimes': [1715941606.0], 'EndTimes': [1715942325.0], 'TotalUserCpuTimeHistory': [594], 'TotalSysCpuTimeHistory': [33], 'WallDurations': [9.0, 264.7060487270355, 719.0], 'JobIds': ['102588080.0'], 'State': 'finished', 'RecordedSite': True}, '90': {'Retries': 0, 'Restarts': 0, 'SiteHistory': ['Unknown', 'T2_CH_CERN', 'T2_CH_CERN'], 'ResidentSetSize': [1575512], 'SubmitTimes': [1715941518.0], 'StartTimes': [1715941905.0], 'EndTimes': [1715942441.0], 'TotalUserCpuTimeHistory': [387], 'TotalSysCpuTimeHistory': [43], 'WallDurations': [8.0, 266.78482270240784, 536.0], 'JobIds': ['102588081.0'], 'State': 'finished', 'RecordedSite': True}, '91': {'Retries': 0, 'Restarts': 0, 'SiteHistory': ['Unknown', 'T2_CH_CERN', 'T2_CH_CERN'], 'ResidentSetSize': [1302440], 'SubmitTimes': [1715941518.0], 'StartTimes': [1715941606.0], 'EndTimes': [1715942014.0], 'TotalUserCpuTimeHistory': [273], 'TotalSysCpuTimeHistory': [21], 'WallDurations': [9.0, 264.7060487270355, 408.0], 'JobIds': ['102588082.0'], 'State': 'finished', 'RecordedSite': True}, '92': {'Retries': 0, 'Restarts': 0, 'SiteHistory': ['Unknown', 'T2_CH_CERN', 'T2_CH_CERN'], 'ResidentSetSize': [1633768], 'SubmitTimes': [1715941518.0], 'StartTimes': [1715941905.0], 'EndTimes': [1715942400.0], 'TotalUserCpuTimeHistory': [359], 'TotalSysCpuTimeHistory': [44], 'WallDurations': [8.0, 266.78482270240784, 495.0], 'JobIds': ['102588083.0'], 'State': 'finished', 'RecordedSite': True}, '94': {'Retries': 0, 'Restarts': 0, 'SiteHistory': ['Unknown', 'T2_CH_CERN', 'T2_CH_CERN'], 'ResidentSetSize': [1624476], 'SubmitTimes': [1715941518.0], 'StartTimes': [1715941605.0], 'EndTimes': [1715942410.0], 'TotalUserCpuTimeHistory': [626], 'TotalSysCpuTimeHistory': [66], 'WallDurations': [10.0, 265.7060487270355, 805.0], 'JobIds': ['102588084.0'], 'State': 'finished', 'RecordedSite': True}, '93': {'Retries': 0, 'Restarts': 0, 'SiteHistory': ['Unknown', 'T2_CH_CERN', 'T2_CH_CERN'], 'ResidentSetSize': [1624056], 'SubmitTimes': [1715941518.0], 'StartTimes': [1715941607.0], 'EndTimes': [1715942972.0], 'TotalUserCpuTimeHistory': [1157], 'TotalSysCpuTimeHistory': [67], 'WallDurations': [8.0, 263.7060487270355, 1365.0], 'JobIds': ['102588085.0'], 'State': 'finished', 'RecordedSite': True}, '95': {'Retries': 0, 'Restarts': 0, 'SiteHistory': ['Unknown', 'T2_CH_CERN', 'T2_CH_CERN'], 'ResidentSetSize': [1628900], 'SubmitTimes': [1715941518.0], 'StartTimes': [1715941904.0], 'EndTimes': [1715942362.0], 'TotalUserCpuTimeHistory': [338], 'TotalSysCpuTimeHistory': [37], 'WallDurations': [10.0, 267.78482270240784, 458.0], 'JobIds': ['102588086.0'], 'State': 'finished', 'RecordedSite': True}, '96': {'Retries': 0, 'Restarts': 0, 'SiteHistory': ['Unknown', 'T2_CH_CERN', 'T2_CH_CERN'], 'ResidentSetSize': [1627816], 'SubmitTimes': [1715941518.0], 'StartTimes': [1715941607.0], 'EndTimes': [1715941895.0], 'TotalUserCpuTimeHistory': [201], 'TotalSysCpuTimeHistory': [20], 'WallDurations': [9.0, 263.7060487270355, 288.0], 'JobIds': ['102588087.0'], 'State': 'finished', 'RecordedSite': True}, '97': {'Retries': 0, 'Restarts': 0, 'SiteHistory': ['Unknown', 'T2_CH_CERN', 'T2_CH_CERN'], 'ResidentSetSize': [1624956], 'SubmitTimes': [1715941518.0], 'StartTimes': [1715941607.0], 'EndTimes': [1715942017.0], 'TotalUserCpuTimeHistory': [296], 'TotalSysCpuTimeHistory': [29], 'WallDurations': [8.0, 263.7060487270355, 410.0], 'JobIds': ['102588088.0'], 'State': 'finished', 'RecordedSite': True}, '98': {'Retries': 0, 'Restarts': 0, 'SiteHistory': ['Unknown', 'T2_CH_CERN', 'T2_CH_CERN'], 'ResidentSetSize': [1628796], 'SubmitTimes': [1715941518.0], 'StartTimes': [1715941905.0], 'EndTimes': [1715942558.0], 'TotalUserCpuTimeHistory': [493], 'TotalSysCpuTimeHistory': [55], 'WallDurations': [9.0, 266.78482270240784, 653.0], 'JobIds': ['102588089.0'], 'State': 'finished', 'RecordedSite': True}, '99': {'Retries': 0, 'Restarts': 0, 'SiteHistory': ['Unknown', 'T2_CH_CERN', 'T2_CH_CERN'], 'ResidentSetSize': [1627560], 'SubmitTimes': [1715941519.0], 'StartTimes': [1715941906.0], 'EndTimes': [1715942461.0], 'TotalUserCpuTimeHistory': [404], 'TotalSysCpuTimeHistory': [45], 'WallDurations': [8.0, 265.78482270240784, 555.0], 'JobIds': ['102588090.0'], 'State': 'finished', 'RecordedSite': True}, '100': {'Retries': 0, 'Restarts': 0, 'SiteHistory': ['Unknown', 'T2_CH_CERN', 'T2_CH_CERN'], 'ResidentSetSize': [1634564], 'SubmitTimes': [1715941519.0], 'StartTimes': [1715941606.0], 'EndTimes': [1715942160.0], 'TotalUserCpuTimeHistory': [424], 'TotalSysCpuTimeHistory': [47], 'WallDurations': [9.0, 264.7060487270355, 554.0], 'JobIds': ['102588091.0'], 'State': 'finished', 'RecordedSite': True}, '46': {'Retries': 0, 'Restarts': 0, 'SiteHistory': ['Unknown', 'T2_CH_CERN', 'T2_CH_CERN'], 'ResidentSetSize': [1641364], 'SubmitTimes': [1715941519.0], 'StartTimes': [1715941905.0], 'EndTimes': [1715942395.0], 'TotalUserCpuTimeHistory': [350], 'TotalSysCpuTimeHistory': [40], 'WallDurations': [10.0, 266.78482270240784, 490.0], 'JobIds': ['102588092.0'], 'State': 'finished', 'RecordedSite': True}}
INFO 2024-05-17 12:32:27.755 UTC: 	 Status on the scheduler:	COMPLETED
INFO 2024-05-17 12:32:27.756 UTC: 	 
Jobs status:                    finished     		100.0% (100/100)
INFO 2024-05-17 12:32:27.756 UTC: 	 
No publication information (publication has been disabled in the CRAB configuration file)
INFO 2024-05-17 12:32:27.760 UTC: 	 
Warning: the max jobs runtime is less than 30% of the task requested value (1250 min), please consider to request a lower value for failed jobs (allowed through crab resubmit) and/or improve the jobs splitting (e.g. config.Data.splitting = 'Automatic') in a new task.
INFO 2024-05-17 12:32:27.760 UTC: 	 
Summary of run jobs:
 * Memory: 99MB min, 1603MB max, 1467MB ave
 * Runtime: 0:04:26 min, 0:22:45 max, 0:08:17 ave
 * CPU eff: 3% min, 90% max, 77% ave
 * Waste: 8:26:07 (38% of total)

INFO 2024-05-17 12:32:27.767 UTC: 	 Log file is /work/pbaertsc/pixel/CMSSW_14_0_4/src/SiPixelTools/PixelTriplets/tasks/crab_Muon0_Run2024D-SiPixelCalSingleMuonTight-PromptReco-v1/crab.log
